<?xml version="1.0" encoding="UTF-8"?>
<robot generator="Robot 4.0.3 (Python 3.9.2 on win32)" generated="20211014 21:13:26.679" rpa="false" schemaversion="2">
<suite id="s1" name="Buy Product" source="C:\Users\DELL\PycharmProjects\Laz\Test\Buy_Product.robot">
<test id="s1-t1" name="Verify that Total Price is reflecting correctly if user changes quantity on 'Shopping Cart Summary' Page.">
<kw name="User Open Browser" library="Common_Keyword" type="SETUP">
<kw name="Open Browser" library="SeleniumLibrary">
<arg>${URL}</arg>
<arg>${BROWSER}</arg>
<doc>Opens a new browser instance to the optional ``url``.</doc>
<msg timestamp="20211014 21:13:26.879" level="INFO">Opening browser 'chrome' to base url 'http://automationpractice.com/index.php'.</msg>
<status status="PASS" starttime="20211014 21:13:26.879" endtime="20211014 21:13:33.703"/>
</kw>
<kw name="Maximize Browser Window" library="SeleniumLibrary">
<doc>Maximizes current browser window.</doc>
<status status="PASS" starttime="20211014 21:13:33.703" endtime="20211014 21:13:33.833"/>
</kw>
<status status="PASS" starttime="20211014 21:13:26.878" endtime="20211014 21:13:33.834"/>
</kw>
<kw name="Scroll Element Into View" library="SeleniumLibrary">
<arg>//*[@id="homefeatured"]/li[1]</arg>
<doc>Scrolls the element identified by ``locator`` into view.</doc>
<status status="PASS" starttime="20211014 21:13:33.835" endtime="20211014 21:13:34.152"/>
</kw>
<kw name="Click Element" library="SeleniumLibrary">
<arg>//*[@id="homefeatured"]/li[1]/div/div[2]/div[2]/a[2]/span</arg>
<doc>Click the element identified by ``locator``.</doc>
<msg timestamp="20211014 21:13:34.153" level="INFO">Clicking element '//*[@id="homefeatured"]/li[1]/div/div[2]/div[2]/a[2]/span'.</msg>
<status status="PASS" starttime="20211014 21:13:34.152" endtime="20211014 21:13:35.514"/>
</kw>
<kw name="Sleep" library="BuiltIn">
<arg>3s</arg>
<doc>Pauses the test executed for the given time.</doc>
<msg timestamp="20211014 21:13:38.524" level="INFO">Slept 3 seconds</msg>
<status status="PASS" starttime="20211014 21:13:35.514" endtime="20211014 21:13:38.524"/>
</kw>
<kw name="Select From List By Value" library="SeleniumLibrary">
<arg>group_1</arg>
<arg>2</arg>
<doc>Selects options from selection list ``locator`` by ``values``.</doc>
<msg timestamp="20211014 21:13:38.526" level="INFO">Selecting options from selection list 'group_1' by value 2.</msg>
<status status="PASS" starttime="20211014 21:13:38.525" endtime="20211014 21:13:38.636"/>
</kw>
<kw name="Sleep" library="BuiltIn">
<arg>3s</arg>
<doc>Pauses the test executed for the given time.</doc>
<msg timestamp="20211014 21:13:41.643" level="INFO">Slept 3 seconds</msg>
<status status="PASS" starttime="20211014 21:13:38.637" endtime="20211014 21:13:41.643"/>
</kw>
<kw name="Click Element" library="SeleniumLibrary">
<arg>//*[@id="color_to_pick_list"]/li[2]</arg>
<doc>Click the element identified by ``locator``.</doc>
<msg timestamp="20211014 21:13:41.644" level="INFO">Clicking element '//*[@id="color_to_pick_list"]/li[2]'.</msg>
<status status="PASS" starttime="20211014 21:13:41.643" endtime="20211014 21:13:41.693"/>
</kw>
<kw name="Click Element" library="SeleniumLibrary">
<arg>id=add_to_cart</arg>
<doc>Click the element identified by ``locator``.</doc>
<msg timestamp="20211014 21:13:41.694" level="INFO">Clicking element 'id=add_to_cart'.</msg>
<status status="PASS" starttime="20211014 21:13:41.693" endtime="20211014 21:13:41.737"/>
</kw>
<kw name="Wait Until Element Is Visible" library="SeleniumLibrary">
<arg>xpath=//*[@id="layer_cart"]/div[1]/div[2]/div[4]/a/span</arg>
<doc>Waits until the element ``locator`` is visible.</doc>
<status status="PASS" starttime="20211014 21:13:41.737" endtime="20211014 21:13:43.537"/>
</kw>
<kw name="Click Element" library="SeleniumLibrary">
<arg>xpath=//*[@id="layer_cart"]/div[1]/div[2]/div[4]/a/span</arg>
<doc>Click the element identified by ``locator``.</doc>
<msg timestamp="20211014 21:13:43.538" level="INFO">Clicking element 'xpath=//*[@id="layer_cart"]/div[1]/div[2]/div[4]/a/span'.</msg>
<status status="PASS" starttime="20211014 21:13:43.537" endtime="20211014 21:13:45.480"/>
</kw>
<kw name="Scroll Element Into View" library="SeleniumLibrary">
<arg>//*[@id="center_column"]/p[2]</arg>
<doc>Scrolls the element identified by ``locator`` into view.</doc>
<status status="PASS" starttime="20211014 21:13:45.481" endtime="20211014 21:13:45.780"/>
</kw>
<kw name="Wait Until Element Is Visible" library="SeleniumLibrary">
<arg>//*[@id="cart_quantity_up_1_1_0_0"]</arg>
<doc>Waits until the element ``locator`` is visible.</doc>
<kw name="Capture Page Screenshot" library="SeleniumLibrary">
<doc>Takes a screenshot of the current page and embeds it into a log file.</doc>
<msg timestamp="20211014 21:13:51.075" level="INFO" html="true">&lt;/td&gt;&lt;/tr&gt;&lt;tr&gt;&lt;td colspan="3"&gt;&lt;a href="selenium-screenshot-8.png"&gt;&lt;img src="selenium-screenshot-8.png" width="800px"&gt;&lt;/a&gt;</msg>
<status status="PASS" starttime="20211014 21:13:50.932" endtime="20211014 21:13:51.075"/>
</kw>
<msg timestamp="20211014 21:13:51.076" level="FAIL">Element '//*[@id="cart_quantity_up_1_1_0_0"]' not visible after 5 seconds.</msg>
<status status="FAIL" starttime="20211014 21:13:45.780" endtime="20211014 21:13:51.076"/>
</kw>
<kw name="Click Element" library="SeleniumLibrary">
<arg>//*[@id="cart_quantity_up_1_1_0_0"]</arg>
<doc>Click the element identified by ``locator``.</doc>
<status status="NOT RUN" starttime="20211014 21:13:51.077" endtime="20211014 21:13:51.077"/>
</kw>
<kw name="Verify that Total price is changing and reflecting correct price" library="Keyword_Buy_Product">
<status status="NOT RUN" starttime="20211014 21:13:51.077" endtime="20211014 21:13:51.077"/>
</kw>
<kw name="User Close Browser" library="Common_Keyword" type="TEARDOWN">
<kw name="Close Browser" library="SeleniumLibrary">
<doc>Closes the current browser.</doc>
<status status="PASS" starttime="20211014 21:13:51.078" endtime="20211014 21:13:53.211"/>
</kw>
<status status="PASS" starttime="20211014 21:13:51.078" endtime="20211014 21:13:53.211"/>
</kw>
<status status="FAIL" starttime="20211014 21:13:26.878" endtime="20211014 21:13:53.212">Element '//*[@id="cart_quantity_up_1_1_0_0"]' not visible after 5 seconds.</status>
</test>
<status status="FAIL" starttime="20211014 21:13:26.680" endtime="20211014 21:13:53.213"/>
</suite>
<statistics>
<total>
<stat pass="0" fail="1" skip="0">All Tests</stat>
</total>
<tag>
</tag>
<suite>
<stat pass="0" fail="1" skip="0" id="s1" name="Buy Product">Buy Product</stat>
</suite>
</statistics>
<errors>
</errors>
</robot>
