<?xml version="1.0" encoding="UTF-8"?>
<robot generator="Robot 4.0.3 (Python 3.9.2 on win32)" generated="20211015 17:28:32.447" rpa="false" schemaversion="2">
<suite id="s1" name="Test" source="C:\Users\DELL\PycharmProjects\e-Commerce\Test">
<suite id="s1-s1" name="Buy Product" source="C:\Users\DELL\PycharmProjects\e-Commerce\Test\Buy_Product.robot">
<test id="s1-s1-t1" name="Buy Product Successfully from Search">
<kw name="User Open Browser" library="Common_Keyword" type="SETUP">
<kw name="Open Browser" library="SeleniumLibrary">
<arg>${URL}</arg>
<arg>${BROWSER}</arg>
<doc>Opens a new browser instance to the optional ``url``.</doc>
<msg timestamp="20211015 17:28:32.952" level="INFO">Opening browser 'chrome' to base url 'http://automationpractice.com/index.php'.</msg>
<status status="PASS" starttime="20211015 17:28:32.951" endtime="20211015 17:28:40.389"/>
</kw>
<kw name="Maximize Browser Window" library="SeleniumLibrary">
<doc>Maximizes current browser window.</doc>
<status status="PASS" starttime="20211015 17:28:40.389" endtime="20211015 17:28:40.510"/>
</kw>
<status status="PASS" starttime="20211015 17:28:32.951" endtime="20211015 17:28:40.510"/>
</kw>
<kw name="Search Product" library="Keyword_Buy_Product">
<arg>dress</arg>
<kw name="Input Text" library="SeleniumLibrary">
<arg>id=search_query_top</arg>
<arg>${Product}</arg>
<doc>Types the given ``text`` into the text field identified by ``locator``.</doc>
<msg timestamp="20211015 17:28:40.511" level="INFO">Typing text 'dress' into text field 'id=search_query_top'.</msg>
<status status="PASS" starttime="20211015 17:28:40.511" endtime="20211015 17:28:40.612"/>
</kw>
<kw name="Wait Until Page Contains Element" library="SeleniumLibrary">
<arg>xpath=//*[@id="index"]/div[2]/ul/li[3]</arg>
<doc>Waits until the element ``locator`` appears on the current page.</doc>
<status status="PASS" starttime="20211015 17:28:40.613" endtime="20211015 17:28:41.711"/>
</kw>
<kw name="Press Keys" library="SeleniumLibrary">
<arg>xpath=//*[@id="index"]/div[2]/ul/li[3]</arg>
<arg>ENTER</arg>
<doc>Simulates the user pressing key(s) to an element or on the active browser.</doc>
<msg timestamp="20211015 17:28:41.712" level="INFO">Sending key(s) ('ENTER',) to xpath=//*[@id="index"]/div[2]/ul/li[3] element.</msg>
<msg timestamp="20211015 17:28:44.837" level="INFO">Pressing special key ENTER to element.</msg>
<msg timestamp="20211015 17:28:44.837" level="INFO">Releasing special key ENTER.</msg>
<status status="PASS" starttime="20211015 17:28:41.711" endtime="20211015 17:28:44.843"/>
</kw>
<status status="PASS" starttime="20211015 17:28:40.510" endtime="20211015 17:28:44.843"/>
</kw>
<kw name="Click Add to Cart Button" library="Keyword_Buy_Product">
<kw name="Click Element" library="SeleniumLibrary">
<arg>id=add_to_cart</arg>
<doc>Click the element identified by ``locator``.</doc>
<msg timestamp="20211015 17:28:44.844" level="INFO">Clicking element 'id=add_to_cart'.</msg>
<status status="PASS" starttime="20211015 17:28:44.844" endtime="20211015 17:28:44.904"/>
</kw>
<status status="PASS" starttime="20211015 17:28:44.843" endtime="20211015 17:28:44.904"/>
</kw>
<kw name="Sleep" library="BuiltIn">
<arg>3s</arg>
<doc>Pauses the test executed for the given time.</doc>
<msg timestamp="20211015 17:28:47.919" level="INFO">Slept 3 seconds</msg>
<status status="PASS" starttime="20211015 17:28:44.905" endtime="20211015 17:28:47.919"/>
</kw>
<kw name="Verify Confirm Add Product Successfully" library="Keyword_Buy_Product">
<kw name="Get Text Confirm Add Product Succesfully" library="Keyword_Buy_Product">
<var>${Confirm}</var>
<kw name="Wait Until Page Contains Element" library="SeleniumLibrary">
<arg>xpath=//*[@id="layer_cart"]/div[1]/div[1]/h2</arg>
<doc>Waits until the element ``locator`` appears on the current page.</doc>
<status status="PASS" starttime="20211015 17:28:47.920" endtime="20211015 17:28:47.931"/>
</kw>
<kw name="Get Text" library="SeleniumLibrary">
<var>${Confirm}</var>
<arg>xpath=//*[@id="layer_cart"]/div[1]/div[1]/h2</arg>
<doc>Returns the text value of the element identified by ``locator``.</doc>
<msg timestamp="20211015 17:28:47.949" level="INFO">${Confirm} = Product successfully added to your shopping cart</msg>
<status status="PASS" starttime="20211015 17:28:47.931" endtime="20211015 17:28:47.949"/>
</kw>
<msg timestamp="20211015 17:28:47.950" level="INFO">${Confirm} = Product successfully added to your shopping cart</msg>
<status status="PASS" starttime="20211015 17:28:47.920" endtime="20211015 17:28:47.950"/>
</kw>
<kw name="Should Be Equal As Strings" library="BuiltIn">
<arg>${Confirm}</arg>
<arg>Product successfully added to your shopping cart</arg>
<doc>Fails if objects are unequal after converting them to strings.</doc>
<status status="PASS" starttime="20211015 17:28:47.950" endtime="20211015 17:28:47.950"/>
</kw>
<status status="PASS" starttime="20211015 17:28:47.920" endtime="20211015 17:28:47.950"/>
</kw>
<kw name="Click Proceed to checkout1 Button" library="Keyword_Buy_Product">
<kw name="Wait Until Element Is Visible" library="SeleniumLibrary">
<arg>xpath=//*[@id="layer_cart"]/div[1]/div[2]/div[4]/a/span</arg>
<doc>Waits until the element ``locator`` is visible.</doc>
<status status="PASS" starttime="20211015 17:28:47.951" endtime="20211015 17:28:47.972"/>
</kw>
<kw name="Click Element" library="SeleniumLibrary">
<arg>xpath=//*[@id="layer_cart"]/div[1]/div[2]/div[4]/a/span</arg>
<doc>Click the element identified by ``locator``.</doc>
<msg timestamp="20211015 17:28:47.972" level="INFO">Clicking element 'xpath=//*[@id="layer_cart"]/div[1]/div[2]/div[4]/a/span'.</msg>
<status status="PASS" starttime="20211015 17:28:47.972" endtime="20211015 17:28:50.192"/>
</kw>
<status status="PASS" starttime="20211015 17:28:47.951" endtime="20211015 17:28:50.192"/>
</kw>
<kw name="Click Proceed to checkout2 Button" library="Keyword_Buy_Product">
<kw name="Click Element" library="SeleniumLibrary">
<arg>xpath=//*[@id="center_column"]/p[2]/a[1]/span</arg>
<doc>Click the element identified by ``locator``.</doc>
<msg timestamp="20211015 17:28:50.194" level="INFO">Clicking element 'xpath=//*[@id="center_column"]/p[2]/a[1]/span'.</msg>
<status status="PASS" starttime="20211015 17:28:50.193" endtime="20211015 17:28:52.664"/>
</kw>
<status status="PASS" starttime="20211015 17:28:50.193" endtime="20211015 17:28:52.664"/>
</kw>
<kw name="Sign In Account already Register" library="Keyword_Buy_Product">
<arg>${USER1}</arg>
<kw name="Input Text" library="SeleniumLibrary">
<arg>id=email</arg>
<arg>${User.email}</arg>
<doc>Types the given ``text`` into the text field identified by ``locator``.</doc>
<msg timestamp="20211015 17:28:52.666" level="INFO">Typing text 'thu1@mailinator.com' into text field 'id=email'.</msg>
<status status="PASS" starttime="20211015 17:28:52.665" endtime="20211015 17:28:52.754"/>
</kw>
<kw name="Input Text" library="SeleniumLibrary">
<arg>id=passwd</arg>
<arg>${User.password}</arg>
<doc>Types the given ``text`` into the text field identified by ``locator``.</doc>
<msg timestamp="20211015 17:28:52.755" level="INFO">Typing text '12345' into text field 'id=passwd'.</msg>
<status status="PASS" starttime="20211015 17:28:52.754" endtime="20211015 17:28:52.848"/>
</kw>
<kw name="Click Element" library="SeleniumLibrary">
<arg>id=SubmitLogin</arg>
<doc>Click the element identified by ``locator``.</doc>
<msg timestamp="20211015 17:28:52.849" level="INFO">Clicking element 'id=SubmitLogin'.</msg>
<status status="PASS" starttime="20211015 17:28:52.848" endtime="20211015 17:28:54.968"/>
</kw>
<status status="PASS" starttime="20211015 17:28:52.665" endtime="20211015 17:28:54.968"/>
</kw>
<kw name="Verify Sign In Successfully" library="Keyword_Buy_Product">
<kw name="Get Name Sign In Successfully" library="Keyword_Buy_Product">
<var>${Name}</var>
<kw name="Wait Until Page Contains Element" library="SeleniumLibrary">
<arg>xpath=//*[@id="header"]/div[2]/div/div/nav/div[1]/a</arg>
<doc>Waits until the element ``locator`` appears on the current page.</doc>
<status status="PASS" starttime="20211015 17:28:54.969" endtime="20211015 17:28:54.983"/>
</kw>
<kw name="Get Text" library="SeleniumLibrary">
<var>${Name}</var>
<arg>xpath=//*[@id="header"]/div[2]/div/div/nav/div[1]/a</arg>
<doc>Returns the text value of the element identified by ``locator``.</doc>
<msg timestamp="20211015 17:28:55.001" level="INFO">${Name} = thu nguyen</msg>
<status status="PASS" starttime="20211015 17:28:54.983" endtime="20211015 17:28:55.001"/>
</kw>
<msg timestamp="20211015 17:28:55.002" level="INFO">${Name} = thu nguyen</msg>
<status status="PASS" starttime="20211015 17:28:54.969" endtime="20211015 17:28:55.002"/>
</kw>
<kw name="Should Be Equal As Strings" library="BuiltIn">
<arg>${Name}</arg>
<arg>thu nguyen</arg>
<doc>Fails if objects are unequal after converting them to strings.</doc>
<status status="PASS" starttime="20211015 17:28:55.002" endtime="20211015 17:28:55.002"/>
</kw>
<status status="PASS" starttime="20211015 17:28:54.969" endtime="20211015 17:28:55.002"/>
</kw>
<kw name="Click Proceed to checkout3 Button" library="Keyword_Buy_Product">
<kw name="Click Element" library="SeleniumLibrary">
<arg>xpath=//*[@id="center_column"]/form/p/button/span</arg>
<doc>Click the element identified by ``locator``.</doc>
<msg timestamp="20211015 17:28:55.003" level="INFO">Clicking element 'xpath=//*[@id="center_column"]/form/p/button/span'.</msg>
<status status="PASS" starttime="20211015 17:28:55.003" endtime="20211015 17:28:56.864"/>
</kw>
<status status="PASS" starttime="20211015 17:28:55.003" endtime="20211015 17:28:56.865"/>
</kw>
<kw name="Check Terms of service" library="Keyword_Buy_Product">
<kw name="Select Checkbox" library="SeleniumLibrary">
<arg>cgv</arg>
<doc>Selects the checkbox identified by ``locator``.</doc>
<msg timestamp="20211015 17:28:56.866" level="INFO">Selecting checkbox 'cgv'.</msg>
<status status="PASS" starttime="20211015 17:28:56.866" endtime="20211015 17:28:56.931"/>
</kw>
<status status="PASS" starttime="20211015 17:28:56.865" endtime="20211015 17:28:56.931"/>
</kw>
<kw name="Click Proceed to checkout4 Button" library="Keyword_Buy_Product">
<kw name="Click Element" library="SeleniumLibrary">
<arg>xpath=//*[@id="form"]/p/button</arg>
<doc>Click the element identified by ``locator``.</doc>
<msg timestamp="20211015 17:28:56.932" level="INFO">Clicking element 'xpath=//*[@id="form"]/p/button'.</msg>
<status status="PASS" starttime="20211015 17:28:56.932" endtime="20211015 17:28:59.650"/>
</kw>
<status status="PASS" starttime="20211015 17:28:56.932" endtime="20211015 17:28:59.650"/>
</kw>
<kw name="Choose Pay by bank wire" library="Keyword_Buy_Product">
<kw name="Click Element" library="SeleniumLibrary">
<arg>xpath=//*[@id="HOOK_PAYMENT"]/div[1]/div/p</arg>
<doc>Click the element identified by ``locator``.</doc>
<msg timestamp="20211015 17:28:59.652" level="INFO">Clicking element 'xpath=//*[@id="HOOK_PAYMENT"]/div[1]/div/p'.</msg>
<status status="PASS" starttime="20211015 17:28:59.651" endtime="20211015 17:29:01.110"/>
</kw>
<status status="PASS" starttime="20211015 17:28:59.651" endtime="20211015 17:29:01.111"/>
</kw>
<kw name="Click I Confirm My Order Button" library="Keyword_Buy_Product">
<kw name="Click Element" library="SeleniumLibrary">
<arg>xpath=//*[@id="cart_navigation"]/button</arg>
<doc>Click the element identified by ``locator``.</doc>
<msg timestamp="20211015 17:29:01.112" level="INFO">Clicking element 'xpath=//*[@id="cart_navigation"]/button'.</msg>
<status status="PASS" starttime="20211015 17:29:01.112" endtime="20211015 17:29:04.045"/>
</kw>
<status status="PASS" starttime="20211015 17:29:01.112" endtime="20211015 17:29:04.047"/>
</kw>
<kw name="Verify Confirm that Product is ordered" library="Keyword_Buy_Product">
<kw name="Get Text Confirm" library="Keyword_Buy_Product">
<var>${Confirm}</var>
<kw name="Wait Until Page Contains Element" library="SeleniumLibrary">
<arg>xpath=//*[@id="center_column"]/div/p</arg>
<doc>Waits until the element ``locator`` appears on the current page.</doc>
<status status="PASS" starttime="20211015 17:29:04.048" endtime="20211015 17:29:04.059"/>
</kw>
<kw name="Get Text" library="SeleniumLibrary">
<var>${ConfirmationText}</var>
<arg>xpath=//*[@id="center_column"]/div/p</arg>
<doc>Returns the text value of the element identified by ``locator``.</doc>
<msg timestamp="20211015 17:29:04.078" level="INFO">${ConfirmationText} = Your order on My Store is complete.</msg>
<status status="PASS" starttime="20211015 17:29:04.060" endtime="20211015 17:29:04.078"/>
</kw>
<msg timestamp="20211015 17:29:04.078" level="INFO">${Confirm} = Your order on My Store is complete.</msg>
<status status="PASS" starttime="20211015 17:29:04.047" endtime="20211015 17:29:04.078"/>
</kw>
<kw name="Should Be Equal As Strings" library="BuiltIn">
<arg>${Confirm}</arg>
<arg>Your order on My Store is complete.</arg>
<doc>Fails if objects are unequal after converting them to strings.</doc>
<status status="PASS" starttime="20211015 17:29:04.078" endtime="20211015 17:29:04.079"/>
</kw>
<status status="PASS" starttime="20211015 17:29:04.047" endtime="20211015 17:29:04.079"/>
</kw>
<kw name="User Close Browser" library="Common_Keyword" type="TEARDOWN">
<kw name="Close Browser" library="SeleniumLibrary">
<doc>Closes the current browser.</doc>
<status status="PASS" starttime="20211015 17:29:04.080" endtime="20211015 17:29:06.255"/>
</kw>
<status status="PASS" starttime="20211015 17:29:04.079" endtime="20211015 17:29:06.255"/>
</kw>
<status status="PASS" starttime="20211015 17:28:32.950" endtime="20211015 17:29:06.256"/>
</test>
<test id="s1-s1-t2" name="Buy Product Successfully from Homepage">
<kw name="User Open Browser" library="Common_Keyword" type="SETUP">
<kw name="Open Browser" library="SeleniumLibrary">
<arg>${URL}</arg>
<arg>${BROWSER}</arg>
<doc>Opens a new browser instance to the optional ``url``.</doc>
<msg timestamp="20211015 17:29:06.260" level="INFO">Opening browser 'chrome' to base url 'http://automationpractice.com/index.php'.</msg>
<status status="PASS" starttime="20211015 17:29:06.259" endtime="20211015 17:29:14.522"/>
</kw>
<kw name="Maximize Browser Window" library="SeleniumLibrary">
<doc>Maximizes current browser window.</doc>
<status status="PASS" starttime="20211015 17:29:14.522" endtime="20211015 17:29:14.653"/>
</kw>
<status status="PASS" starttime="20211015 17:29:06.259" endtime="20211015 17:29:14.653"/>
</kw>
<kw name="Choose the First Product in Homepage" library="Keyword_Buy_Product">
<kw name="Scroll Element Into View" library="SeleniumLibrary">
<arg>xpath=//*[@id="homefeatured"]/li[1]</arg>
<doc>Scrolls the element identified by ``locator`` into view.</doc>
<status status="PASS" starttime="20211015 17:29:14.654" endtime="20211015 17:29:14.982"/>
</kw>
<kw name="Click Element" library="SeleniumLibrary">
<arg>xpath=//*[@id="homefeatured"]/li[1]/div/div[2]/div[2]/a[2]/span</arg>
<doc>Click the element identified by ``locator``.</doc>
<msg timestamp="20211015 17:29:14.983" level="INFO">Clicking element 'xpath=//*[@id="homefeatured"]/li[1]/div/div[2]/div[2]/a[2]/span'.</msg>
<status status="PASS" starttime="20211015 17:29:14.982" endtime="20211015 17:29:17.378"/>
</kw>
<status status="PASS" starttime="20211015 17:29:14.654" endtime="20211015 17:29:17.378"/>
</kw>
<kw name="Increase quantity is 1" library="Keyword_Buy_Product">
<kw name="Wait Until Element Is Visible" library="SeleniumLibrary">
<arg>xpath=//*[@id="quantity_wanted_p"]/a[2]</arg>
<doc>Waits until the element ``locator`` is visible.</doc>
<status status="PASS" starttime="20211015 17:29:17.379" endtime="20211015 17:29:17.401"/>
</kw>
<kw name="Click Element" library="SeleniumLibrary">
<arg>xpath=//*[@id="quantity_wanted_p"]/a[2]</arg>
<doc>Click the element identified by ``locator``.</doc>
<msg timestamp="20211015 17:29:17.401" level="INFO">Clicking element 'xpath=//*[@id="quantity_wanted_p"]/a[2]'.</msg>
<status status="PASS" starttime="20211015 17:29:17.401" endtime="20211015 17:29:17.442"/>
</kw>
<status status="PASS" starttime="20211015 17:29:17.378" endtime="20211015 17:29:17.442"/>
</kw>
<kw name="Verify Value after Increase quantity" library="Keyword_Buy_Product">
<kw name="Get Value after Increase quantity" library="Keyword_Buy_Product">
<var>${Value}</var>
<kw name="Wait Until Page Contains Element" library="SeleniumLibrary">
<arg>xpath=//*[@id="quantity_wanted"]</arg>
<doc>Waits until the element ``locator`` appears on the current page.</doc>
<status status="PASS" starttime="20211015 17:29:17.445" endtime="20211015 17:29:17.456"/>
</kw>
<kw name="Get Value" library="SeleniumLibrary">
<var>${Value}</var>
<arg>xpath=//*[@id="quantity_wanted"]</arg>
<doc>Returns the value attribute of the element identified by ``locator``.</doc>
<msg timestamp="20211015 17:29:17.471" level="INFO">${Value} = 2</msg>
<status status="PASS" starttime="20211015 17:29:17.456" endtime="20211015 17:29:17.471"/>
</kw>
<msg timestamp="20211015 17:29:17.471" level="INFO">${Value} = 2</msg>
<status status="PASS" starttime="20211015 17:29:17.444" endtime="20211015 17:29:17.471"/>
</kw>
<kw name="Should Be Equal As Integers" library="BuiltIn">
<arg>${Value}</arg>
<arg>2</arg>
<doc>Fails if objects are unequal after converting them to integers.</doc>
<status status="PASS" starttime="20211015 17:29:17.472" endtime="20211015 17:29:17.472"/>
</kw>
<status status="PASS" starttime="20211015 17:29:17.443" endtime="20211015 17:29:17.472"/>
</kw>
<kw name="Choose Size for Product" library="Keyword_Buy_Product">
<kw name="Select From List By Value" library="SeleniumLibrary">
<arg>group_1</arg>
<arg>2</arg>
<doc>Selects options from selection list ``locator`` by ``values``.</doc>
<msg timestamp="20211015 17:29:17.473" level="INFO">Selecting options from selection list 'group_1' by value 2.</msg>
<status status="PASS" starttime="20211015 17:29:17.473" endtime="20211015 17:29:17.546"/>
</kw>
<status status="PASS" starttime="20211015 17:29:17.473" endtime="20211015 17:29:17.546"/>
</kw>
<kw name="Choose color is Blue" library="Keyword_Buy_Product">
<kw name="Click Element" library="SeleniumLibrary">
<arg>xpath=//*[@id="color_to_pick_list"]/li[2]</arg>
<doc>Click the element identified by ``locator``.</doc>
<msg timestamp="20211015 17:29:17.548" level="INFO">Clicking element 'xpath=//*[@id="color_to_pick_list"]/li[2]'.</msg>
<status status="PASS" starttime="20211015 17:29:17.547" endtime="20211015 17:29:17.606"/>
</kw>
<status status="PASS" starttime="20211015 17:29:17.547" endtime="20211015 17:29:17.607"/>
</kw>
<kw name="Click Add to Cart Button" library="Keyword_Buy_Product">
<kw name="Click Element" library="SeleniumLibrary">
<arg>id=add_to_cart</arg>
<doc>Click the element identified by ``locator``.</doc>
<msg timestamp="20211015 17:29:17.609" level="INFO">Clicking element 'id=add_to_cart'.</msg>
<status status="PASS" starttime="20211015 17:29:17.609" endtime="20211015 17:29:17.656"/>
</kw>
<status status="PASS" starttime="20211015 17:29:17.608" endtime="20211015 17:29:17.657"/>
</kw>
<kw name="Sleep" library="BuiltIn">
<arg>3s</arg>
<doc>Pauses the test executed for the given time.</doc>
<msg timestamp="20211015 17:29:20.666" level="INFO">Slept 3 seconds</msg>
<status status="PASS" starttime="20211015 17:29:17.657" endtime="20211015 17:29:20.666"/>
</kw>
<kw name="Verify Confirm Add Product Successfully" library="Keyword_Buy_Product">
<kw name="Get Text Confirm Add Product Succesfully" library="Keyword_Buy_Product">
<var>${Confirm}</var>
<kw name="Wait Until Page Contains Element" library="SeleniumLibrary">
<arg>xpath=//*[@id="layer_cart"]/div[1]/div[1]/h2</arg>
<doc>Waits until the element ``locator`` appears on the current page.</doc>
<status status="PASS" starttime="20211015 17:29:20.667" endtime="20211015 17:29:20.679"/>
</kw>
<kw name="Get Text" library="SeleniumLibrary">
<var>${Confirm}</var>
<arg>xpath=//*[@id="layer_cart"]/div[1]/div[1]/h2</arg>
<doc>Returns the text value of the element identified by ``locator``.</doc>
<msg timestamp="20211015 17:29:20.700" level="INFO">${Confirm} = Product successfully added to your shopping cart</msg>
<status status="PASS" starttime="20211015 17:29:20.680" endtime="20211015 17:29:20.700"/>
</kw>
<msg timestamp="20211015 17:29:20.701" level="INFO">${Confirm} = Product successfully added to your shopping cart</msg>
<status status="PASS" starttime="20211015 17:29:20.667" endtime="20211015 17:29:20.701"/>
</kw>
<kw name="Should Be Equal As Strings" library="BuiltIn">
<arg>${Confirm}</arg>
<arg>Product successfully added to your shopping cart</arg>
<doc>Fails if objects are unequal after converting them to strings.</doc>
<status status="PASS" starttime="20211015 17:29:20.701" endtime="20211015 17:29:20.701"/>
</kw>
<status status="PASS" starttime="20211015 17:29:20.666" endtime="20211015 17:29:20.701"/>
</kw>
<kw name="Click Proceed to checkout1 Button" library="Keyword_Buy_Product">
<kw name="Wait Until Element Is Visible" library="SeleniumLibrary">
<arg>xpath=//*[@id="layer_cart"]/div[1]/div[2]/div[4]/a/span</arg>
<doc>Waits until the element ``locator`` is visible.</doc>
<status status="PASS" starttime="20211015 17:29:20.703" endtime="20211015 17:29:20.724"/>
</kw>
<kw name="Click Element" library="SeleniumLibrary">
<arg>xpath=//*[@id="layer_cart"]/div[1]/div[2]/div[4]/a/span</arg>
<doc>Click the element identified by ``locator``.</doc>
<msg timestamp="20211015 17:29:20.725" level="INFO">Clicking element 'xpath=//*[@id="layer_cart"]/div[1]/div[2]/div[4]/a/span'.</msg>
<status status="PASS" starttime="20211015 17:29:20.724" endtime="20211015 17:29:22.856"/>
</kw>
<status status="PASS" starttime="20211015 17:29:20.703" endtime="20211015 17:29:22.856"/>
</kw>
<kw name="Click Proceed to checkout2 Button" library="Keyword_Buy_Product">
<kw name="Click Element" library="SeleniumLibrary">
<arg>xpath=//*[@id="center_column"]/p[2]/a[1]/span</arg>
<doc>Click the element identified by ``locator``.</doc>
<msg timestamp="20211015 17:29:22.857" level="INFO">Clicking element 'xpath=//*[@id="center_column"]/p[2]/a[1]/span'.</msg>
<status status="PASS" starttime="20211015 17:29:22.857" endtime="20211015 17:29:25.535"/>
</kw>
<status status="PASS" starttime="20211015 17:29:22.857" endtime="20211015 17:29:25.536"/>
</kw>
<kw name="Sign In Account already Register" library="Keyword_Buy_Product">
<arg>${USER1}</arg>
<kw name="Input Text" library="SeleniumLibrary">
<arg>id=email</arg>
<arg>${User.email}</arg>
<doc>Types the given ``text`` into the text field identified by ``locator``.</doc>
<msg timestamp="20211015 17:29:25.537" level="INFO">Typing text 'thu1@mailinator.com' into text field 'id=email'.</msg>
<status status="PASS" starttime="20211015 17:29:25.537" endtime="20211015 17:29:25.625"/>
</kw>
<kw name="Input Text" library="SeleniumLibrary">
<arg>id=passwd</arg>
<arg>${User.password}</arg>
<doc>Types the given ``text`` into the text field identified by ``locator``.</doc>
<msg timestamp="20211015 17:29:25.626" level="INFO">Typing text '12345' into text field 'id=passwd'.</msg>
<status status="PASS" starttime="20211015 17:29:25.625" endtime="20211015 17:29:25.701"/>
</kw>
<kw name="Click Element" library="SeleniumLibrary">
<arg>id=SubmitLogin</arg>
<doc>Click the element identified by ``locator``.</doc>
<msg timestamp="20211015 17:29:25.702" level="INFO">Clicking element 'id=SubmitLogin'.</msg>
<status status="PASS" starttime="20211015 17:29:25.701" endtime="20211015 17:29:27.608"/>
</kw>
<status status="PASS" starttime="20211015 17:29:25.536" endtime="20211015 17:29:27.608"/>
</kw>
<kw name="Verify Sign In Successfully" library="Keyword_Buy_Product">
<kw name="Get Name Sign In Successfully" library="Keyword_Buy_Product">
<var>${Name}</var>
<kw name="Wait Until Page Contains Element" library="SeleniumLibrary">
<arg>xpath=//*[@id="header"]/div[2]/div/div/nav/div[1]/a</arg>
<doc>Waits until the element ``locator`` appears on the current page.</doc>
<status status="PASS" starttime="20211015 17:29:27.609" endtime="20211015 17:29:27.622"/>
</kw>
<kw name="Get Text" library="SeleniumLibrary">
<var>${Name}</var>
<arg>xpath=//*[@id="header"]/div[2]/div/div/nav/div[1]/a</arg>
<doc>Returns the text value of the element identified by ``locator``.</doc>
<msg timestamp="20211015 17:29:27.641" level="INFO">${Name} = thu nguyen</msg>
<status status="PASS" starttime="20211015 17:29:27.622" endtime="20211015 17:29:27.641"/>
</kw>
<msg timestamp="20211015 17:29:27.641" level="INFO">${Name} = thu nguyen</msg>
<status status="PASS" starttime="20211015 17:29:27.609" endtime="20211015 17:29:27.642"/>
</kw>
<kw name="Should Be Equal As Strings" library="BuiltIn">
<arg>${Name}</arg>
<arg>thu nguyen</arg>
<doc>Fails if objects are unequal after converting them to strings.</doc>
<status status="PASS" starttime="20211015 17:29:27.642" endtime="20211015 17:29:27.642"/>
</kw>
<status status="PASS" starttime="20211015 17:29:27.609" endtime="20211015 17:29:27.642"/>
</kw>
<kw name="Click Proceed to checkout3 Button" library="Keyword_Buy_Product">
<kw name="Click Element" library="SeleniumLibrary">
<arg>xpath=//*[@id="center_column"]/form/p/button/span</arg>
<doc>Click the element identified by ``locator``.</doc>
<msg timestamp="20211015 17:29:27.643" level="INFO">Clicking element 'xpath=//*[@id="center_column"]/form/p/button/span'.</msg>
<status status="PASS" starttime="20211015 17:29:27.643" endtime="20211015 17:29:29.269"/>
</kw>
<status status="PASS" starttime="20211015 17:29:27.642" endtime="20211015 17:29:29.269"/>
</kw>
<kw name="Check Terms of service" library="Keyword_Buy_Product">
<kw name="Select Checkbox" library="SeleniumLibrary">
<arg>cgv</arg>
<doc>Selects the checkbox identified by ``locator``.</doc>
<msg timestamp="20211015 17:29:29.270" level="INFO">Selecting checkbox 'cgv'.</msg>
<status status="PASS" starttime="20211015 17:29:29.270" endtime="20211015 17:29:29.330"/>
</kw>
<status status="PASS" starttime="20211015 17:29:29.270" endtime="20211015 17:29:29.330"/>
</kw>
<kw name="Click Proceed to checkout4 Button" library="Keyword_Buy_Product">
<kw name="Click Element" library="SeleniumLibrary">
<arg>xpath=//*[@id="form"]/p/button</arg>
<doc>Click the element identified by ``locator``.</doc>
<msg timestamp="20211015 17:29:29.331" level="INFO">Clicking element 'xpath=//*[@id="form"]/p/button'.</msg>
<status status="PASS" starttime="20211015 17:29:29.331" endtime="20211015 17:29:31.741"/>
</kw>
<status status="PASS" starttime="20211015 17:29:29.331" endtime="20211015 17:29:31.741"/>
</kw>
<kw name="Choose Pay by bank wire" library="Keyword_Buy_Product">
<kw name="Click Element" library="SeleniumLibrary">
<arg>xpath=//*[@id="HOOK_PAYMENT"]/div[1]/div/p</arg>
<doc>Click the element identified by ``locator``.</doc>
<msg timestamp="20211015 17:29:31.743" level="INFO">Clicking element 'xpath=//*[@id="HOOK_PAYMENT"]/div[1]/div/p'.</msg>
<status status="PASS" starttime="20211015 17:29:31.743" endtime="20211015 17:29:33.831"/>
</kw>
<status status="PASS" starttime="20211015 17:29:31.742" endtime="20211015 17:29:33.831"/>
</kw>
<kw name="Click I Confirm My Order Button" library="Keyword_Buy_Product">
<kw name="Click Element" library="SeleniumLibrary">
<arg>xpath=//*[@id="cart_navigation"]/button</arg>
<doc>Click the element identified by ``locator``.</doc>
<msg timestamp="20211015 17:29:33.833" level="INFO">Clicking element 'xpath=//*[@id="cart_navigation"]/button'.</msg>
<status status="PASS" starttime="20211015 17:29:33.832" endtime="20211015 17:29:37.368"/>
</kw>
<status status="PASS" starttime="20211015 17:29:33.832" endtime="20211015 17:29:37.368"/>
</kw>
<kw name="Verify Confirm that Product is ordered" library="Keyword_Buy_Product">
<kw name="Get Text Confirm" library="Keyword_Buy_Product">
<var>${Confirm}</var>
<kw name="Wait Until Page Contains Element" library="SeleniumLibrary">
<arg>xpath=//*[@id="center_column"]/div/p</arg>
<doc>Waits until the element ``locator`` appears on the current page.</doc>
<status status="PASS" starttime="20211015 17:29:37.370" endtime="20211015 17:29:37.382"/>
</kw>
<kw name="Get Text" library="SeleniumLibrary">
<var>${ConfirmationText}</var>
<arg>xpath=//*[@id="center_column"]/div/p</arg>
<doc>Returns the text value of the element identified by ``locator``.</doc>
<msg timestamp="20211015 17:29:37.401" level="INFO">${ConfirmationText} = Your order on My Store is complete.</msg>
<status status="PASS" starttime="20211015 17:29:37.382" endtime="20211015 17:29:37.401"/>
</kw>
<msg timestamp="20211015 17:29:37.401" level="INFO">${Confirm} = Your order on My Store is complete.</msg>
<status status="PASS" starttime="20211015 17:29:37.369" endtime="20211015 17:29:37.401"/>
</kw>
<kw name="Should Be Equal As Strings" library="BuiltIn">
<arg>${Confirm}</arg>
<arg>Your order on My Store is complete.</arg>
<doc>Fails if objects are unequal after converting them to strings.</doc>
<status status="PASS" starttime="20211015 17:29:37.401" endtime="20211015 17:29:37.401"/>
</kw>
<status status="PASS" starttime="20211015 17:29:37.369" endtime="20211015 17:29:37.401"/>
</kw>
<kw name="User Close Browser" library="Common_Keyword" type="TEARDOWN">
<kw name="Close Browser" library="SeleniumLibrary">
<doc>Closes the current browser.</doc>
<status status="PASS" starttime="20211015 17:29:37.402" endtime="20211015 17:29:39.567"/>
</kw>
<status status="PASS" starttime="20211015 17:29:37.402" endtime="20211015 17:29:39.567"/>
</kw>
<status status="PASS" starttime="20211015 17:29:06.258" endtime="20211015 17:29:39.568"/>
</test>
<test id="s1-s1-t3" name="Verify that 'Add to Wishlist' Unsuccessfully">
<kw name="User Open Browser" library="Common_Keyword" type="SETUP">
<kw name="Open Browser" library="SeleniumLibrary">
<arg>${URL}</arg>
<arg>${BROWSER}</arg>
<doc>Opens a new browser instance to the optional ``url``.</doc>
<msg timestamp="20211015 17:29:39.572" level="INFO">Opening browser 'chrome' to base url 'http://automationpractice.com/index.php'.</msg>
<status status="PASS" starttime="20211015 17:29:39.572" endtime="20211015 17:29:48.893"/>
</kw>
<kw name="Maximize Browser Window" library="SeleniumLibrary">
<doc>Maximizes current browser window.</doc>
<status status="PASS" starttime="20211015 17:29:48.893" endtime="20211015 17:29:49.016"/>
</kw>
<status status="PASS" starttime="20211015 17:29:39.571" endtime="20211015 17:29:49.016"/>
</kw>
<kw name="Choose Product from Navigate" library="Keyword_Buy_Product">
<kw name="Mouse Over" library="SeleniumLibrary">
<arg>//*[@id="block_top_menu"]/ul/li[1]</arg>
<doc>Simulates hovering the mouse over the element ``locator``.</doc>
<msg timestamp="20211015 17:29:49.019" level="INFO">Simulating Mouse Over on element '//*[@id="block_top_menu"]/ul/li[1]'.</msg>
<status status="PASS" starttime="20211015 17:29:49.018" endtime="20211015 17:29:49.350"/>
</kw>
<kw name="Wait Until Page Contains Element" library="SeleniumLibrary">
<arg>//*[@id="block_top_menu"]/ul/li[1]/ul/li[1]/ul/li[1]</arg>
<doc>Waits until the element ``locator`` appears on the current page.</doc>
<status status="PASS" starttime="20211015 17:29:49.351" endtime="20211015 17:29:49.364"/>
</kw>
<kw name="Click Element" library="SeleniumLibrary">
<arg>//*[@id="block_top_menu"]/ul/li[1]/ul/li[1]/ul/li[1]/a</arg>
<doc>Click the element identified by ``locator``.</doc>
<msg timestamp="20211015 17:29:49.365" level="INFO">Clicking element '//*[@id="block_top_menu"]/ul/li[1]/ul/li[1]/ul/li[1]/a'.</msg>
<status status="PASS" starttime="20211015 17:29:49.365" endtime="20211015 17:29:52.003"/>
</kw>
<status status="PASS" starttime="20211015 17:29:49.017" endtime="20211015 17:29:52.003"/>
</kw>
<kw name="Click Wishlist button of the first product" library="Keyword_Buy_Product">
<kw name="Wait Until Page Contains Element" library="SeleniumLibrary">
<arg>//*[@id="center_column"]/ul/li</arg>
<doc>Waits until the element ``locator`` appears on the current page.</doc>
<status status="PASS" starttime="20211015 17:29:52.004" endtime="20211015 17:29:52.016"/>
</kw>
<kw name="Scroll Element Into View" library="SeleniumLibrary">
<arg>//*[@id="center_column"]/ul/li</arg>
<doc>Scrolls the element identified by ``locator`` into view.</doc>
<status status="PASS" starttime="20211015 17:29:52.016" endtime="20211015 17:29:52.316"/>
</kw>
<kw name="Wait Until Element Is Visible" library="SeleniumLibrary">
<arg>//*[@id="center_column"]/ul/li/div/div[3]/div[1]</arg>
<doc>Waits until the element ``locator`` is visible.</doc>
<status status="PASS" starttime="20211015 17:29:52.316" endtime="20211015 17:29:52.338"/>
</kw>
<kw name="Click Element" library="SeleniumLibrary">
<arg>//*[@id="center_column"]/ul/li/div/div[3]/div[1]</arg>
<doc>Click the element identified by ``locator``.</doc>
<msg timestamp="20211015 17:29:52.338" level="INFO">Clicking element '//*[@id="center_column"]/ul/li/div/div[3]/div[1]'.</msg>
<status status="PASS" starttime="20211015 17:29:52.338" endtime="20211015 17:29:52.377"/>
</kw>
<status status="PASS" starttime="20211015 17:29:52.004" endtime="20211015 17:29:52.378"/>
</kw>
<kw name="Verify Message Wishlist" library="Keyword_Buy_Product">
<kw name="Get Message Wishlist" library="Keyword_Buy_Product">
<var>${Mgs}</var>
<kw name="Wait Until Page Contains Element" library="SeleniumLibrary">
<arg>xpath=//*[@id="category"]/div[2]/div/div/div</arg>
<doc>Waits until the element ``locator`` appears on the current page.</doc>
<status status="PASS" starttime="20211015 17:29:52.379" endtime="20211015 17:29:53.040"/>
</kw>
<kw name="Get Text" library="SeleniumLibrary">
<var>${Message}</var>
<arg>xpath=//*[@id="category"]/div[2]/div/div/div</arg>
<doc>Returns the text value of the element identified by ``locator``.</doc>
<msg timestamp="20211015 17:29:53.061" level="INFO">${Message} = You must be logged in to manage your wishlist.</msg>
<status status="PASS" starttime="20211015 17:29:53.040" endtime="20211015 17:29:53.061"/>
</kw>
<msg timestamp="20211015 17:29:53.061" level="INFO">${Mgs} = You must be logged in to manage your wishlist.</msg>
<status status="PASS" starttime="20211015 17:29:52.379" endtime="20211015 17:29:53.061"/>
</kw>
<kw name="Should Be Equal As Strings" library="BuiltIn">
<arg>${Mgs}</arg>
<arg>You must be logged in to manage your wishlist.</arg>
<doc>Fails if objects are unequal after converting them to strings.</doc>
<status status="PASS" starttime="20211015 17:29:53.062" endtime="20211015 17:29:53.062"/>
</kw>
<status status="PASS" starttime="20211015 17:29:52.378" endtime="20211015 17:29:53.062"/>
</kw>
<kw name="User Close Browser" library="Common_Keyword" type="TEARDOWN">
<kw name="Close Browser" library="SeleniumLibrary">
<doc>Closes the current browser.</doc>
<status status="PASS" starttime="20211015 17:29:53.063" endtime="20211015 17:29:55.207"/>
</kw>
<status status="PASS" starttime="20211015 17:29:53.063" endtime="20211015 17:29:55.207"/>
</kw>
<status status="PASS" starttime="20211015 17:29:39.571" endtime="20211015 17:29:55.208"/>
</test>
<test id="s1-s1-t4" name="Verify that 'Add to WishList' Successfully">
<kw name="User Open Browser" library="Common_Keyword" type="SETUP">
<kw name="Open Browser" library="SeleniumLibrary">
<arg>${URL}</arg>
<arg>${BROWSER}</arg>
<doc>Opens a new browser instance to the optional ``url``.</doc>
<msg timestamp="20211015 17:29:55.211" level="INFO">Opening browser 'chrome' to base url 'http://automationpractice.com/index.php'.</msg>
<status status="PASS" starttime="20211015 17:29:55.210" endtime="20211015 17:30:04.055"/>
</kw>
<kw name="Maximize Browser Window" library="SeleniumLibrary">
<doc>Maximizes current browser window.</doc>
<status status="PASS" starttime="20211015 17:30:04.055" endtime="20211015 17:30:04.176"/>
</kw>
<status status="PASS" starttime="20211015 17:29:55.210" endtime="20211015 17:30:04.176"/>
</kw>
<kw name="Login Successfully" library="Keyword_Buy_Product">
<arg>${USER1}</arg>
<kw name="Go to Login page" library="Keyword_Login">
<kw name="Click Element" library="SeleniumLibrary">
<arg>xpath=//*[@id="header"]/div[2]/div/div/nav/div[1]</arg>
<doc>Click the element identified by ``locator``.</doc>
<msg timestamp="20211015 17:30:04.177" level="INFO">Clicking element 'xpath=//*[@id="header"]/div[2]/div/div/nav/div[1]'.</msg>
<status status="PASS" starttime="20211015 17:30:04.177" endtime="20211015 17:30:06.550"/>
</kw>
<status status="PASS" starttime="20211015 17:30:04.177" endtime="20211015 17:30:06.550"/>
</kw>
<kw name="Input Email" library="Keyword_Login">
<arg>${User.email}</arg>
<kw name="Input Text" library="SeleniumLibrary">
<arg>id=email</arg>
<arg>${Email}</arg>
<doc>Types the given ``text`` into the text field identified by ``locator``.</doc>
<msg timestamp="20211015 17:30:06.552" level="INFO">Typing text 'thu1@mailinator.com' into text field 'id=email'.</msg>
<status status="PASS" starttime="20211015 17:30:06.552" endtime="20211015 17:30:06.657"/>
</kw>
<status status="PASS" starttime="20211015 17:30:06.550" endtime="20211015 17:30:06.657"/>
</kw>
<kw name="Input Password" library="Keyword_Login">
<arg>${User.password}</arg>
<kw name="Input Text" library="SeleniumLibrary">
<arg>id=passwd</arg>
<arg>${Password}</arg>
<doc>Types the given ``text`` into the text field identified by ``locator``.</doc>
<msg timestamp="20211015 17:30:06.659" level="INFO">Typing text '12345' into text field 'id=passwd'.</msg>
<status status="PASS" starttime="20211015 17:30:06.658" endtime="20211015 17:30:06.743"/>
</kw>
<status status="PASS" starttime="20211015 17:30:06.658" endtime="20211015 17:30:06.743"/>
</kw>
<kw name="Click Submit Button" library="Keyword_Login">
<kw name="Click Element" library="SeleniumLibrary">
<arg>id=SubmitLogin</arg>
<doc>Click the element identified by ``locator``.</doc>
<msg timestamp="20211015 17:30:06.743" level="INFO">Clicking element 'id=SubmitLogin'.</msg>
<status status="PASS" starttime="20211015 17:30:06.743" endtime="20211015 17:30:08.573"/>
</kw>
<status status="PASS" starttime="20211015 17:30:06.743" endtime="20211015 17:30:08.573"/>
</kw>
<status status="PASS" starttime="20211015 17:30:04.176" endtime="20211015 17:30:08.573"/>
</kw>
<kw name="Choose Product from Navigate" library="Keyword_Buy_Product">
<kw name="Mouse Over" library="SeleniumLibrary">
<arg>//*[@id="block_top_menu"]/ul/li[1]</arg>
<doc>Simulates hovering the mouse over the element ``locator``.</doc>
<msg timestamp="20211015 17:30:08.576" level="INFO">Simulating Mouse Over on element '//*[@id="block_top_menu"]/ul/li[1]'.</msg>
<status status="PASS" starttime="20211015 17:30:08.576" endtime="20211015 17:30:08.929"/>
</kw>
<kw name="Wait Until Page Contains Element" library="SeleniumLibrary">
<arg>//*[@id="block_top_menu"]/ul/li[1]/ul/li[1]/ul/li[1]</arg>
<doc>Waits until the element ``locator`` appears on the current page.</doc>
<status status="PASS" starttime="20211015 17:30:08.929" endtime="20211015 17:30:08.940"/>
</kw>
<kw name="Click Element" library="SeleniumLibrary">
<arg>//*[@id="block_top_menu"]/ul/li[1]/ul/li[1]/ul/li[1]/a</arg>
<doc>Click the element identified by ``locator``.</doc>
<msg timestamp="20211015 17:30:08.940" level="INFO">Clicking element '//*[@id="block_top_menu"]/ul/li[1]/ul/li[1]/ul/li[1]/a'.</msg>
<status status="PASS" starttime="20211015 17:30:08.940" endtime="20211015 17:30:11.601"/>
</kw>
<status status="PASS" starttime="20211015 17:30:08.575" endtime="20211015 17:30:11.601"/>
</kw>
<kw name="Click Wishlist button of the first product" library="Keyword_Buy_Product">
<kw name="Wait Until Page Contains Element" library="SeleniumLibrary">
<arg>//*[@id="center_column"]/ul/li</arg>
<doc>Waits until the element ``locator`` appears on the current page.</doc>
<status status="PASS" starttime="20211015 17:30:11.602" endtime="20211015 17:30:11.615"/>
</kw>
<kw name="Scroll Element Into View" library="SeleniumLibrary">
<arg>//*[@id="center_column"]/ul/li</arg>
<doc>Scrolls the element identified by ``locator`` into view.</doc>
<status status="PASS" starttime="20211015 17:30:11.615" endtime="20211015 17:30:11.910"/>
</kw>
<kw name="Wait Until Element Is Visible" library="SeleniumLibrary">
<arg>//*[@id="center_column"]/ul/li/div/div[3]/div[1]</arg>
<doc>Waits until the element ``locator`` is visible.</doc>
<status status="PASS" starttime="20211015 17:30:11.910" endtime="20211015 17:30:11.937"/>
</kw>
<kw name="Click Element" library="SeleniumLibrary">
<arg>//*[@id="center_column"]/ul/li/div/div[3]/div[1]</arg>
<doc>Click the element identified by ``locator``.</doc>
<msg timestamp="20211015 17:30:11.938" level="INFO">Clicking element '//*[@id="center_column"]/ul/li/div/div[3]/div[1]'.</msg>
<status status="PASS" starttime="20211015 17:30:11.937" endtime="20211015 17:30:11.990"/>
</kw>
<status status="PASS" starttime="20211015 17:30:11.602" endtime="20211015 17:30:11.990"/>
</kw>
<kw name="Sleep" library="BuiltIn">
<arg>3s</arg>
<doc>Pauses the test executed for the given time.</doc>
<msg timestamp="20211015 17:30:15.003" level="INFO">Slept 3 seconds</msg>
<status status="PASS" starttime="20211015 17:30:11.990" endtime="20211015 17:30:15.003"/>
</kw>
<kw name="Verify Message add Wishlist successfully" library="Keyword_Buy_Product">
<kw name="Get Message Wishlist Successfully" library="Keyword_Buy_Product">
<var>${Mgs}</var>
<kw name="Wait Until Page Contains Element" library="SeleniumLibrary">
<arg>xpath=//*[@id="category"]/div[2]/div/div/div</arg>
<doc>Waits until the element ``locator`` appears on the current page.</doc>
<status status="PASS" starttime="20211015 17:30:15.005" endtime="20211015 17:30:15.017"/>
</kw>
<kw name="Get Text" library="SeleniumLibrary">
<var>${Message}</var>
<arg>xpath=//*[@id="category"]/div[2]/div/div/div</arg>
<doc>Returns the text value of the element identified by ``locator``.</doc>
<msg timestamp="20211015 17:30:15.037" level="INFO">${Message} = Added to your wishlist.</msg>
<status status="PASS" starttime="20211015 17:30:15.017" endtime="20211015 17:30:15.037"/>
</kw>
<msg timestamp="20211015 17:30:15.037" level="INFO">${Mgs} = Added to your wishlist.</msg>
<status status="PASS" starttime="20211015 17:30:15.004" endtime="20211015 17:30:15.038"/>
</kw>
<kw name="Should Be Equal As Strings" library="BuiltIn">
<arg>${Mgs}</arg>
<arg>Added to your wishlist.</arg>
<doc>Fails if objects are unequal after converting them to strings.</doc>
<status status="PASS" starttime="20211015 17:30:15.038" endtime="20211015 17:30:15.038"/>
</kw>
<status status="PASS" starttime="20211015 17:30:15.004" endtime="20211015 17:30:15.038"/>
</kw>
<kw name="User Close Browser" library="Common_Keyword" type="TEARDOWN">
<kw name="Close Browser" library="SeleniumLibrary">
<doc>Closes the current browser.</doc>
<status status="PASS" starttime="20211015 17:30:15.039" endtime="20211015 17:30:18.650"/>
</kw>
<status status="PASS" starttime="20211015 17:30:15.039" endtime="20211015 17:30:18.650"/>
</kw>
<status status="PASS" starttime="20211015 17:29:55.209" endtime="20211015 17:30:18.650"/>
</test>
<test id="s1-s1-t5" name="Verify Remove Product Successfully in Cart block List">
<kw name="User Open Browser" library="Common_Keyword" type="SETUP">
<kw name="Open Browser" library="SeleniumLibrary">
<arg>${URL}</arg>
<arg>${BROWSER}</arg>
<doc>Opens a new browser instance to the optional ``url``.</doc>
<msg timestamp="20211015 17:30:18.653" level="INFO">Opening browser 'chrome' to base url 'http://automationpractice.com/index.php'.</msg>
<status status="PASS" starttime="20211015 17:30:18.653" endtime="20211015 17:30:27.274"/>
</kw>
<kw name="Maximize Browser Window" library="SeleniumLibrary">
<doc>Maximizes current browser window.</doc>
<status status="PASS" starttime="20211015 17:30:27.274" endtime="20211015 17:30:27.402"/>
</kw>
<status status="PASS" starttime="20211015 17:30:18.652" endtime="20211015 17:30:27.403"/>
</kw>
<kw name="Choose Product from Navigate" library="Keyword_Buy_Product">
<kw name="Mouse Over" library="SeleniumLibrary">
<arg>//*[@id="block_top_menu"]/ul/li[1]</arg>
<doc>Simulates hovering the mouse over the element ``locator``.</doc>
<msg timestamp="20211015 17:30:27.406" level="INFO">Simulating Mouse Over on element '//*[@id="block_top_menu"]/ul/li[1]'.</msg>
<status status="PASS" starttime="20211015 17:30:27.404" endtime="20211015 17:30:27.728"/>
</kw>
<kw name="Wait Until Page Contains Element" library="SeleniumLibrary">
<arg>//*[@id="block_top_menu"]/ul/li[1]/ul/li[1]/ul/li[1]</arg>
<doc>Waits until the element ``locator`` appears on the current page.</doc>
<status status="PASS" starttime="20211015 17:30:27.728" endtime="20211015 17:30:27.742"/>
</kw>
<kw name="Click Element" library="SeleniumLibrary">
<arg>//*[@id="block_top_menu"]/ul/li[1]/ul/li[1]/ul/li[1]/a</arg>
<doc>Click the element identified by ``locator``.</doc>
<msg timestamp="20211015 17:30:27.742" level="INFO">Clicking element '//*[@id="block_top_menu"]/ul/li[1]/ul/li[1]/ul/li[1]/a'.</msg>
<status status="PASS" starttime="20211015 17:30:27.742" endtime="20211015 17:30:30.509"/>
</kw>
<status status="PASS" starttime="20211015 17:30:27.404" endtime="20211015 17:30:30.509"/>
</kw>
<kw name="Choose Product" library="Keyword_Buy_Product">
<kw name="Wait Until Element Is Visible" library="SeleniumLibrary">
<arg>//*[@id="center_column"]/ul</arg>
<doc>Waits until the element ``locator`` is visible.</doc>
<status status="PASS" starttime="20211015 17:30:30.510" endtime="20211015 17:30:30.537"/>
</kw>
<kw name="Scroll Element Into View" library="SeleniumLibrary">
<arg>//*[@id="center_column"]/ul</arg>
<doc>Scrolls the element identified by ``locator`` into view.</doc>
<status status="PASS" starttime="20211015 17:30:30.537" endtime="20211015 17:30:30.819"/>
</kw>
<status status="PASS" starttime="20211015 17:30:30.510" endtime="20211015 17:30:30.819"/>
</kw>
<kw name="Hover Product" library="Keyword_Buy_Product">
<kw name="Wait Until Element Is Visible" library="SeleniumLibrary">
<arg>//*[@id="center_column"]/ul/li</arg>
<doc>Waits until the element ``locator`` is visible.</doc>
<status status="PASS" starttime="20211015 17:30:30.820" endtime="20211015 17:30:30.845"/>
</kw>
<kw name="Mouse Over" library="SeleniumLibrary">
<arg>//*[@id="center_column"]/ul/li</arg>
<doc>Simulates hovering the mouse over the element ``locator``.</doc>
<msg timestamp="20211015 17:30:30.846" level="INFO">Simulating Mouse Over on element '//*[@id="center_column"]/ul/li'.</msg>
<status status="PASS" starttime="20211015 17:30:30.845" endtime="20211015 17:30:31.129"/>
</kw>
<status status="PASS" starttime="20211015 17:30:30.819" endtime="20211015 17:30:31.129"/>
</kw>
<kw name="Click Add to Cart" library="Keyword_Buy_Product">
<kw name="Click Element" library="SeleniumLibrary">
<arg>//*[@id="center_column"]/ul/li/div/div[2]/div[2]/a[1]</arg>
<doc>Click the element identified by ``locator``.</doc>
<msg timestamp="20211015 17:30:31.130" level="INFO">Clicking element '//*[@id="center_column"]/ul/li/div/div[2]/div[2]/a[1]'.</msg>
<status status="PASS" starttime="20211015 17:30:31.130" endtime="20211015 17:30:31.183"/>
</kw>
<status status="PASS" starttime="20211015 17:30:31.130" endtime="20211015 17:30:31.183"/>
</kw>
<kw name="Remove Layer Cart" library="Keyword_Buy_Product">
<kw name="Wait Until Element Is Visible" library="SeleniumLibrary">
<arg>id=layer_cart</arg>
<doc>Waits until the element ``locator`` is visible.</doc>
<status status="PASS" starttime="20211015 17:30:31.184" endtime="20211015 17:30:32.297"/>
</kw>
<kw name="Click Element" library="SeleniumLibrary">
<arg>//*[@id="layer_cart"]/div[1]/div[1]/span</arg>
<doc>Click the element identified by ``locator``.</doc>
<msg timestamp="20211015 17:30:32.298" level="INFO">Clicking element '//*[@id="layer_cart"]/div[1]/div[1]/span'.</msg>
<status status="PASS" starttime="20211015 17:30:32.297" endtime="20211015 17:30:32.351"/>
</kw>
<status status="PASS" starttime="20211015 17:30:31.184" endtime="20211015 17:30:32.351"/>
</kw>
<kw name="Hover Shopping Cart" library="Keyword_Buy_Product">
<kw name="Wait Until Element Is Visible" library="SeleniumLibrary">
<arg>//*[@id="header"]/div[3]/div/div/div[3]/div</arg>
<doc>Waits until the element ``locator`` is visible.</doc>
<status status="PASS" starttime="20211015 17:30:32.352" endtime="20211015 17:30:32.380"/>
</kw>
<kw name="Mouse Over" library="SeleniumLibrary">
<arg>//*[@id="header"]/div[3]/div/div/div[3]/div/a</arg>
<doc>Simulates hovering the mouse over the element ``locator``.</doc>
<msg timestamp="20211015 17:30:32.381" level="INFO">Simulating Mouse Over on element '//*[@id="header"]/div[3]/div/div/div[3]/div/a'.</msg>
<status status="PASS" starttime="20211015 17:30:32.381" endtime="20211015 17:30:32.684"/>
</kw>
<status status="PASS" starttime="20211015 17:30:32.351" endtime="20211015 17:30:32.685"/>
</kw>
<kw name="Remove Product" library="Keyword_Buy_Product">
<kw name="Wait Until Element Is Visible" library="SeleniumLibrary">
<arg>//*[@id="header"]/div[3]/div/div/div[3]/div/div</arg>
<doc>Waits until the element ``locator`` is visible.</doc>
<status status="PASS" starttime="20211015 17:30:32.686" endtime="20211015 17:30:32.719"/>
</kw>
<kw name="Click Element" library="SeleniumLibrary">
<arg>//*[@id="header"]/div[3]/div/div/div[3]/div/div/div/div/dl/dt/span</arg>
<doc>Click the element identified by ``locator``.</doc>
<msg timestamp="20211015 17:30:32.719" level="INFO">Clicking element '//*[@id="header"]/div[3]/div/div/div[3]/div/div/div/div/dl/dt/span'.</msg>
<status status="PASS" starttime="20211015 17:30:32.719" endtime="20211015 17:30:32.797"/>
</kw>
<status status="PASS" starttime="20211015 17:30:32.685" endtime="20211015 17:30:32.797"/>
</kw>
<kw name="Sleep" library="BuiltIn">
<arg>3s</arg>
<doc>Pauses the test executed for the given time.</doc>
<msg timestamp="20211015 17:30:35.802" level="INFO">Slept 3 seconds</msg>
<status status="PASS" starttime="20211015 17:30:32.798" endtime="20211015 17:30:35.802"/>
</kw>
<kw name="Verify Empty Cart" library="Keyword_Buy_Product">
<kw name="Get Empty" library="Keyword_Buy_Product">
<var>${Mgs}</var>
<kw name="Wait Until Page Contains Element" library="SeleniumLibrary">
<arg>//*[@id="header"]/div[3]/div/div/div[3]/div/a/span[5]</arg>
<doc>Waits until the element ``locator`` appears on the current page.</doc>
<status status="PASS" starttime="20211015 17:30:35.804" endtime="20211015 17:30:35.816"/>
</kw>
<kw name="Get Text" library="SeleniumLibrary">
<var>${Message}</var>
<arg>//*[@id="header"]/div[3]/div/div/div[3]/div/a/span[5]</arg>
<doc>Returns the text value of the element identified by ``locator``.</doc>
<msg timestamp="20211015 17:30:35.838" level="INFO">${Message} = (empty)</msg>
<status status="PASS" starttime="20211015 17:30:35.816" endtime="20211015 17:30:35.839"/>
</kw>
<msg timestamp="20211015 17:30:35.839" level="INFO">${Mgs} = (empty)</msg>
<status status="PASS" starttime="20211015 17:30:35.804" endtime="20211015 17:30:35.839"/>
</kw>
<kw name="Should Be Equal As Strings" library="BuiltIn">
<arg>${Mgs}</arg>
<arg>(empty)</arg>
<doc>Fails if objects are unequal after converting them to strings.</doc>
<status status="PASS" starttime="20211015 17:30:35.839" endtime="20211015 17:30:35.840"/>
</kw>
<status status="PASS" starttime="20211015 17:30:35.804" endtime="20211015 17:30:35.840"/>
</kw>
<kw name="User Close Browser" library="Common_Keyword" type="TEARDOWN">
<kw name="Close Browser" library="SeleniumLibrary">
<doc>Closes the current browser.</doc>
<status status="PASS" starttime="20211015 17:30:35.841" endtime="20211015 17:30:38.092"/>
</kw>
<status status="PASS" starttime="20211015 17:30:35.841" endtime="20211015 17:30:38.092"/>
</kw>
<status status="PASS" starttime="20211015 17:30:18.652" endtime="20211015 17:30:38.093"/>
</test>
<status status="PASS" starttime="20211015 17:28:32.482" endtime="20211015 17:30:38.095"/>
</suite>
<suite id="s1-s2" name="Contact Us" source="C:\Users\DELL\PycharmProjects\e-Commerce\Test\Contact_Us.robot">
<test id="s1-s2-t1" name="Verify Send Contact Successfully">
<kw name="User Open Browser" library="Common_Keyword" type="SETUP">
<kw name="Open Browser" library="SeleniumLibrary">
<arg>${URL}</arg>
<arg>${BROWSER}</arg>
<doc>Opens a new browser instance to the optional ``url``.</doc>
<msg timestamp="20211015 17:30:38.116" level="INFO">Opening browser 'chrome' to base url 'http://automationpractice.com/index.php'.</msg>
<status status="PASS" starttime="20211015 17:30:38.116" endtime="20211015 17:30:47.136"/>
</kw>
<kw name="Maximize Browser Window" library="SeleniumLibrary">
<doc>Maximizes current browser window.</doc>
<status status="PASS" starttime="20211015 17:30:47.136" endtime="20211015 17:30:47.269"/>
</kw>
<status status="PASS" starttime="20211015 17:30:38.115" endtime="20211015 17:30:47.269"/>
</kw>
<kw name="Go to Contact Page" library="Keyword_Contact_Us">
<kw name="Click Element" library="SeleniumLibrary">
<arg>id=contact-link</arg>
<doc>Click the element identified by ``locator``.</doc>
<msg timestamp="20211015 17:30:47.270" level="INFO">Clicking element 'id=contact-link'.</msg>
<status status="PASS" starttime="20211015 17:30:47.270" endtime="20211015 17:30:48.828"/>
</kw>
<status status="PASS" starttime="20211015 17:30:47.270" endtime="20211015 17:30:48.829"/>
</kw>
<kw name="Input Email Contact" library="Keyword_Contact_Us">
<arg>${USER1}</arg>
<kw name="Input Text" library="SeleniumLibrary">
<arg>id=email</arg>
<arg>${Email}</arg>
<doc>Types the given ``text`` into the text field identified by ``locator``.</doc>
<msg timestamp="20211015 17:30:48.831" level="INFO">Typing text 'thu@mailinator.com' into text field 'id=email'.</msg>
<status status="PASS" starttime="20211015 17:30:48.830" endtime="20211015 17:30:48.944"/>
</kw>
<status status="PASS" starttime="20211015 17:30:48.830" endtime="20211015 17:30:48.944"/>
</kw>
<kw name="Choose Subject" library="Keyword_Contact_Us">
<arg>2</arg>
<kw name="Select From List By Value" library="SeleniumLibrary">
<arg>id=id_contact</arg>
<arg>${Value}</arg>
<doc>Selects options from selection list ``locator`` by ``values``.</doc>
<msg timestamp="20211015 17:30:48.946" level="INFO">Selecting options from selection list 'id=id_contact' by value 2.</msg>
<status status="PASS" starttime="20211015 17:30:48.946" endtime="20211015 17:30:49.030"/>
</kw>
<status status="PASS" starttime="20211015 17:30:48.945" endtime="20211015 17:30:49.031"/>
</kw>
<kw name="Upload file" library="Keyword_Contact_Us">
<kw name="Wait Until Element Is Enabled" library="SeleniumLibrary">
<arg>fileUpload</arg>
<doc>Waits until the element ``locator`` is enabled.</doc>
<status status="PASS" starttime="20211015 17:30:49.031" endtime="20211015 17:30:49.065"/>
</kw>
<kw name="Choose File" library="SeleniumLibrary">
<arg>fileUpload</arg>
<arg>C:/Users/DELL/Downloads/TE-Scrypt Education-TestPlan.docx</arg>
<doc>Inputs the ``file_path`` into the file input field ``locator``.</doc>
<msg timestamp="20211015 17:30:49.065" level="INFO">Sending C:\Users\DELL\Downloads\TE-Scrypt Education-TestPlan.docx to browser.</msg>
<status status="PASS" starttime="20211015 17:30:49.065" endtime="20211015 17:30:49.106"/>
</kw>
<status status="PASS" starttime="20211015 17:30:49.031" endtime="20211015 17:30:49.106"/>
</kw>
<kw name="Input Message" library="Keyword_Contact_Us">
<arg>abcd</arg>
<kw name="Input Text" library="SeleniumLibrary">
<arg>id=message</arg>
<arg>${Content}</arg>
<doc>Types the given ``text`` into the text field identified by ``locator``.</doc>
<msg timestamp="20211015 17:30:49.107" level="INFO">Typing text 'abcd' into text field 'id=message'.</msg>
<status status="PASS" starttime="20211015 17:30:49.107" endtime="20211015 17:30:49.204"/>
</kw>
<status status="PASS" starttime="20211015 17:30:49.107" endtime="20211015 17:30:49.204"/>
</kw>
<kw name="Click Send Button" library="Keyword_Contact_Us">
<kw name="Click Element" library="SeleniumLibrary">
<arg>id=submitMessage</arg>
<doc>Click the element identified by ``locator``.</doc>
<msg timestamp="20211015 17:30:49.206" level="INFO">Clicking element 'id=submitMessage'.</msg>
<status status="PASS" starttime="20211015 17:30:49.205" endtime="20211015 17:30:51.516"/>
</kw>
<status status="PASS" starttime="20211015 17:30:49.205" endtime="20211015 17:30:51.516"/>
</kw>
<kw name="Verify Success Message" library="Keyword_Contact_Us">
<kw name="Get Success Message" library="Keyword_Contact_Us">
<var>${Message}</var>
<kw name="Wait Until Page Contains Element" library="SeleniumLibrary">
<arg>xpath=//*[@id="center_column"]/p</arg>
<doc>Waits until the element ``locator`` appears on the current page.</doc>
<status status="PASS" starttime="20211015 17:30:51.517" endtime="20211015 17:30:51.528"/>
</kw>
<kw name="Get Text" library="SeleniumLibrary">
<var>${Message}</var>
<arg>xpath=//*[@id="center_column"]/p</arg>
<doc>Returns the text value of the element identified by ``locator``.</doc>
<msg timestamp="20211015 17:30:51.547" level="INFO">${Message} = Your message has been successfully sent to our team.</msg>
<status status="PASS" starttime="20211015 17:30:51.529" endtime="20211015 17:30:51.547"/>
</kw>
<msg timestamp="20211015 17:30:51.547" level="INFO">${Message} = Your message has been successfully sent to our team.</msg>
<status status="PASS" starttime="20211015 17:30:51.517" endtime="20211015 17:30:51.547"/>
</kw>
<kw name="Should Be Equal As Strings" library="BuiltIn">
<arg>${Message}</arg>
<arg>Your message has been successfully sent to our team.</arg>
<doc>Fails if objects are unequal after converting them to strings.</doc>
<status status="PASS" starttime="20211015 17:30:51.547" endtime="20211015 17:30:51.548"/>
</kw>
<status status="PASS" starttime="20211015 17:30:51.517" endtime="20211015 17:30:51.548"/>
</kw>
<kw name="User Close Browser" library="Common_Keyword" type="TEARDOWN">
<kw name="Close Browser" library="SeleniumLibrary">
<doc>Closes the current browser.</doc>
<status status="PASS" starttime="20211015 17:30:51.549" endtime="20211015 17:30:53.684"/>
</kw>
<status status="PASS" starttime="20211015 17:30:51.548" endtime="20211015 17:30:53.685"/>
</kw>
<tag>Smoke</tag>
<status status="PASS" starttime="20211015 17:30:38.114" endtime="20211015 17:30:53.685"/>
</test>
<test id="s1-s2-t2" name="Verify Send Contact Unsuccessfully with Email is Blank">
<kw name="User Open Browser" library="Common_Keyword" type="SETUP">
<kw name="Open Browser" library="SeleniumLibrary">
<arg>${URL}</arg>
<arg>${BROWSER}</arg>
<doc>Opens a new browser instance to the optional ``url``.</doc>
<msg timestamp="20211015 17:30:53.688" level="INFO">Opening browser 'chrome' to base url 'http://automationpractice.com/index.php'.</msg>
<status status="PASS" starttime="20211015 17:30:53.688" endtime="20211015 17:31:01.515"/>
</kw>
<kw name="Maximize Browser Window" library="SeleniumLibrary">
<doc>Maximizes current browser window.</doc>
<status status="PASS" starttime="20211015 17:31:01.516" endtime="20211015 17:31:01.648"/>
</kw>
<status status="PASS" starttime="20211015 17:30:53.687" endtime="20211015 17:31:01.649"/>
</kw>
<kw name="Go to Contact Page" library="Keyword_Contact_Us">
<kw name="Click Element" library="SeleniumLibrary">
<arg>id=contact-link</arg>
<doc>Click the element identified by ``locator``.</doc>
<msg timestamp="20211015 17:31:01.652" level="INFO">Clicking element 'id=contact-link'.</msg>
<status status="PASS" starttime="20211015 17:31:01.651" endtime="20211015 17:31:03.380"/>
</kw>
<status status="PASS" starttime="20211015 17:31:01.650" endtime="20211015 17:31:03.380"/>
</kw>
<kw name="Choose Subject" library="Keyword_Contact_Us">
<arg>1</arg>
<kw name="Select From List By Value" library="SeleniumLibrary">
<arg>id=id_contact</arg>
<arg>${Value}</arg>
<doc>Selects options from selection list ``locator`` by ``values``.</doc>
<msg timestamp="20211015 17:31:03.381" level="INFO">Selecting options from selection list 'id=id_contact' by value 1.</msg>
<status status="PASS" starttime="20211015 17:31:03.381" endtime="20211015 17:31:03.449"/>
</kw>
<status status="PASS" starttime="20211015 17:31:03.380" endtime="20211015 17:31:03.449"/>
</kw>
<kw name="Upload file" library="Keyword_Contact_Us">
<kw name="Wait Until Element Is Enabled" library="SeleniumLibrary">
<arg>fileUpload</arg>
<doc>Waits until the element ``locator`` is enabled.</doc>
<status status="PASS" starttime="20211015 17:31:03.450" endtime="20211015 17:31:03.475"/>
</kw>
<kw name="Choose File" library="SeleniumLibrary">
<arg>fileUpload</arg>
<arg>C:/Users/DELL/Downloads/TE-Scrypt Education-TestPlan.docx</arg>
<doc>Inputs the ``file_path`` into the file input field ``locator``.</doc>
<msg timestamp="20211015 17:31:03.476" level="INFO">Sending C:\Users\DELL\Downloads\TE-Scrypt Education-TestPlan.docx to browser.</msg>
<status status="PASS" starttime="20211015 17:31:03.475" endtime="20211015 17:31:03.505"/>
</kw>
<status status="PASS" starttime="20211015 17:31:03.449" endtime="20211015 17:31:03.505"/>
</kw>
<kw name="Input Message" library="Keyword_Contact_Us">
<arg>abcde</arg>
<kw name="Input Text" library="SeleniumLibrary">
<arg>id=message</arg>
<arg>${Content}</arg>
<doc>Types the given ``text`` into the text field identified by ``locator``.</doc>
<msg timestamp="20211015 17:31:03.506" level="INFO">Typing text 'abcde' into text field 'id=message'.</msg>
<status status="PASS" starttime="20211015 17:31:03.506" endtime="20211015 17:31:03.571"/>
</kw>
<status status="PASS" starttime="20211015 17:31:03.506" endtime="20211015 17:31:03.571"/>
</kw>
<kw name="Click Send Button" library="Keyword_Contact_Us">
<kw name="Click Element" library="SeleniumLibrary">
<arg>id=submitMessage</arg>
<doc>Click the element identified by ``locator``.</doc>
<msg timestamp="20211015 17:31:03.573" level="INFO">Clicking element 'id=submitMessage'.</msg>
<status status="PASS" starttime="20211015 17:31:03.572" endtime="20211015 17:31:05.676"/>
</kw>
<status status="PASS" starttime="20211015 17:31:03.572" endtime="20211015 17:31:05.676"/>
</kw>
<kw name="Verify Error for Email" library="Keyword_Contact_Us">
<kw name="Get Error" library="Keyword_Contact_Us">
<var>${Error}</var>
<kw name="Wait Until Page Contains Element" library="SeleniumLibrary">
<arg>xpath=//*[@id="center_column"]/div/ol/li</arg>
<doc>Waits until the element ``locator`` appears on the current page.</doc>
<status status="PASS" starttime="20211015 17:31:05.678" endtime="20211015 17:31:05.692"/>
</kw>
<kw name="Get Text" library="SeleniumLibrary">
<var>${Error}</var>
<arg>xpath=//*[@id="center_column"]/div/ol/li</arg>
<doc>Returns the text value of the element identified by ``locator``.</doc>
<msg timestamp="20211015 17:31:05.711" level="INFO">${Error} = Invalid email address.</msg>
<status status="PASS" starttime="20211015 17:31:05.692" endtime="20211015 17:31:05.711"/>
</kw>
<msg timestamp="20211015 17:31:05.711" level="INFO">${Error} = Invalid email address.</msg>
<status status="PASS" starttime="20211015 17:31:05.678" endtime="20211015 17:31:05.711"/>
</kw>
<kw name="Should Be Equal As Strings" library="BuiltIn">
<arg>${Error}</arg>
<arg>Invalid email address.</arg>
<doc>Fails if objects are unequal after converting them to strings.</doc>
<status status="PASS" starttime="20211015 17:31:05.711" endtime="20211015 17:31:05.712"/>
</kw>
<status status="PASS" starttime="20211015 17:31:05.677" endtime="20211015 17:31:05.712"/>
</kw>
<kw name="User Close Browser" library="Common_Keyword" type="TEARDOWN">
<kw name="Close Browser" library="SeleniumLibrary">
<doc>Closes the current browser.</doc>
<status status="PASS" starttime="20211015 17:31:05.713" endtime="20211015 17:31:07.872"/>
</kw>
<status status="PASS" starttime="20211015 17:31:05.712" endtime="20211015 17:31:07.872"/>
</kw>
<tag>Smoke</tag>
<status status="PASS" starttime="20211015 17:30:53.687" endtime="20211015 17:31:07.873"/>
</test>
<test id="s1-s2-t3" name="Verify Send Contact Unsuccessfully with Invalid format Email">
<kw name="User Open Browser" library="Common_Keyword" type="SETUP">
<kw name="Open Browser" library="SeleniumLibrary">
<arg>${URL}</arg>
<arg>${BROWSER}</arg>
<doc>Opens a new browser instance to the optional ``url``.</doc>
<msg timestamp="20211015 17:31:07.878" level="INFO">Opening browser 'chrome' to base url 'http://automationpractice.com/index.php'.</msg>
<status status="PASS" starttime="20211015 17:31:07.877" endtime="20211015 17:31:15.775"/>
</kw>
<kw name="Maximize Browser Window" library="SeleniumLibrary">
<doc>Maximizes current browser window.</doc>
<status status="PASS" starttime="20211015 17:31:15.775" endtime="20211015 17:31:15.905"/>
</kw>
<status status="PASS" starttime="20211015 17:31:07.877" endtime="20211015 17:31:15.905"/>
</kw>
<kw name="Go to Contact Page" library="Keyword_Contact_Us">
<kw name="Click Element" library="SeleniumLibrary">
<arg>id=contact-link</arg>
<doc>Click the element identified by ``locator``.</doc>
<msg timestamp="20211015 17:31:15.907" level="INFO">Clicking element 'id=contact-link'.</msg>
<status status="PASS" starttime="20211015 17:31:15.906" endtime="20211015 17:31:17.452"/>
</kw>
<status status="PASS" starttime="20211015 17:31:15.906" endtime="20211015 17:31:17.452"/>
</kw>
<kw name="Input Email Contact" library="Keyword_Contact_Us">
<arg>${USER2}</arg>
<kw name="Input Text" library="SeleniumLibrary">
<arg>id=email</arg>
<arg>${Email}</arg>
<doc>Types the given ``text`` into the text field identified by ``locator``.</doc>
<msg timestamp="20211015 17:31:17.453" level="INFO">Typing text 'thumailinator.com' into text field 'id=email'.</msg>
<status status="PASS" starttime="20211015 17:31:17.453" endtime="20211015 17:31:17.550"/>
</kw>
<status status="PASS" starttime="20211015 17:31:17.453" endtime="20211015 17:31:17.550"/>
</kw>
<kw name="Choose Subject" library="Keyword_Contact_Us">
<arg>1</arg>
<kw name="Select From List By Value" library="SeleniumLibrary">
<arg>id=id_contact</arg>
<arg>${Value}</arg>
<doc>Selects options from selection list ``locator`` by ``values``.</doc>
<msg timestamp="20211015 17:31:17.551" level="INFO">Selecting options from selection list 'id=id_contact' by value 1.</msg>
<status status="PASS" starttime="20211015 17:31:17.551" endtime="20211015 17:31:17.633"/>
</kw>
<status status="PASS" starttime="20211015 17:31:17.551" endtime="20211015 17:31:17.634"/>
</kw>
<kw name="Upload file" library="Keyword_Contact_Us">
<kw name="Wait Until Element Is Enabled" library="SeleniumLibrary">
<arg>fileUpload</arg>
<doc>Waits until the element ``locator`` is enabled.</doc>
<status status="PASS" starttime="20211015 17:31:17.634" endtime="20211015 17:31:17.661"/>
</kw>
<kw name="Choose File" library="SeleniumLibrary">
<arg>fileUpload</arg>
<arg>C:/Users/DELL/Downloads/TE-Scrypt Education-TestPlan.docx</arg>
<doc>Inputs the ``file_path`` into the file input field ``locator``.</doc>
<msg timestamp="20211015 17:31:17.662" level="INFO">Sending C:\Users\DELL\Downloads\TE-Scrypt Education-TestPlan.docx to browser.</msg>
<status status="PASS" starttime="20211015 17:31:17.661" endtime="20211015 17:31:17.697"/>
</kw>
<status status="PASS" starttime="20211015 17:31:17.634" endtime="20211015 17:31:17.697"/>
</kw>
<kw name="Input Message" library="Keyword_Contact_Us">
<arg>thu test</arg>
<kw name="Input Text" library="SeleniumLibrary">
<arg>id=message</arg>
<arg>${Content}</arg>
<doc>Types the given ``text`` into the text field identified by ``locator``.</doc>
<msg timestamp="20211015 17:31:17.699" level="INFO">Typing text 'thu test' into text field 'id=message'.</msg>
<status status="PASS" starttime="20211015 17:31:17.698" endtime="20211015 17:31:17.786"/>
</kw>
<status status="PASS" starttime="20211015 17:31:17.698" endtime="20211015 17:31:17.787"/>
</kw>
<kw name="Click Send Button" library="Keyword_Contact_Us">
<kw name="Click Element" library="SeleniumLibrary">
<arg>id=submitMessage</arg>
<doc>Click the element identified by ``locator``.</doc>
<msg timestamp="20211015 17:31:17.788" level="INFO">Clicking element 'id=submitMessage'.</msg>
<status status="PASS" starttime="20211015 17:31:17.787" endtime="20211015 17:31:19.629"/>
</kw>
<status status="PASS" starttime="20211015 17:31:17.787" endtime="20211015 17:31:19.629"/>
</kw>
<kw name="Verify Error for Email" library="Keyword_Contact_Us">
<kw name="Get Error" library="Keyword_Contact_Us">
<var>${Error}</var>
<kw name="Wait Until Page Contains Element" library="SeleniumLibrary">
<arg>xpath=//*[@id="center_column"]/div/ol/li</arg>
<doc>Waits until the element ``locator`` appears on the current page.</doc>
<status status="PASS" starttime="20211015 17:31:19.632" endtime="20211015 17:31:19.645"/>
</kw>
<kw name="Get Text" library="SeleniumLibrary">
<var>${Error}</var>
<arg>xpath=//*[@id="center_column"]/div/ol/li</arg>
<doc>Returns the text value of the element identified by ``locator``.</doc>
<msg timestamp="20211015 17:31:19.664" level="INFO">${Error} = Invalid email address.</msg>
<status status="PASS" starttime="20211015 17:31:19.645" endtime="20211015 17:31:19.664"/>
</kw>
<msg timestamp="20211015 17:31:19.665" level="INFO">${Error} = Invalid email address.</msg>
<status status="PASS" starttime="20211015 17:31:19.631" endtime="20211015 17:31:19.665"/>
</kw>
<kw name="Should Be Equal As Strings" library="BuiltIn">
<arg>${Error}</arg>
<arg>Invalid email address.</arg>
<doc>Fails if objects are unequal after converting them to strings.</doc>
<status status="PASS" starttime="20211015 17:31:19.665" endtime="20211015 17:31:19.665"/>
</kw>
<status status="PASS" starttime="20211015 17:31:19.630" endtime="20211015 17:31:19.665"/>
</kw>
<kw name="User Close Browser" library="Common_Keyword" type="TEARDOWN">
<kw name="Close Browser" library="SeleniumLibrary">
<doc>Closes the current browser.</doc>
<status status="PASS" starttime="20211015 17:31:19.666" endtime="20211015 17:31:21.826"/>
</kw>
<status status="PASS" starttime="20211015 17:31:19.666" endtime="20211015 17:31:21.826"/>
</kw>
<status status="PASS" starttime="20211015 17:31:07.876" endtime="20211015 17:31:21.827"/>
</test>
<test id="s1-s2-t4" name="Verify Send Contact Unsuccessfully with Subject Heading is Blank">
<kw name="User Open Browser" library="Common_Keyword" type="SETUP">
<kw name="Open Browser" library="SeleniumLibrary">
<arg>${URL}</arg>
<arg>${BROWSER}</arg>
<doc>Opens a new browser instance to the optional ``url``.</doc>
<msg timestamp="20211015 17:31:21.830" level="INFO">Opening browser 'chrome' to base url 'http://automationpractice.com/index.php'.</msg>
<status status="PASS" starttime="20211015 17:31:21.830" endtime="20211015 17:31:30.146"/>
</kw>
<kw name="Maximize Browser Window" library="SeleniumLibrary">
<doc>Maximizes current browser window.</doc>
<status status="PASS" starttime="20211015 17:31:30.146" endtime="20211015 17:31:30.274"/>
</kw>
<status status="PASS" starttime="20211015 17:31:21.829" endtime="20211015 17:31:30.274"/>
</kw>
<kw name="Go to Contact Page" library="Keyword_Contact_Us">
<kw name="Click Element" library="SeleniumLibrary">
<arg>id=contact-link</arg>
<doc>Click the element identified by ``locator``.</doc>
<msg timestamp="20211015 17:31:30.275" level="INFO">Clicking element 'id=contact-link'.</msg>
<status status="PASS" starttime="20211015 17:31:30.275" endtime="20211015 17:31:31.822"/>
</kw>
<status status="PASS" starttime="20211015 17:31:30.275" endtime="20211015 17:31:31.822"/>
</kw>
<kw name="Input Email Contact" library="Keyword_Contact_Us">
<arg>${USER1}</arg>
<kw name="Input Text" library="SeleniumLibrary">
<arg>id=email</arg>
<arg>${Email}</arg>
<doc>Types the given ``text`` into the text field identified by ``locator``.</doc>
<msg timestamp="20211015 17:31:31.824" level="INFO">Typing text 'thu@mailinator.com' into text field 'id=email'.</msg>
<status status="PASS" starttime="20211015 17:31:31.823" endtime="20211015 17:31:31.930"/>
</kw>
<status status="PASS" starttime="20211015 17:31:31.823" endtime="20211015 17:31:31.930"/>
</kw>
<kw name="Upload file" library="Keyword_Contact_Us">
<kw name="Wait Until Element Is Enabled" library="SeleniumLibrary">
<arg>fileUpload</arg>
<doc>Waits until the element ``locator`` is enabled.</doc>
<status status="PASS" starttime="20211015 17:31:31.931" endtime="20211015 17:31:31.962"/>
</kw>
<kw name="Choose File" library="SeleniumLibrary">
<arg>fileUpload</arg>
<arg>C:/Users/DELL/Downloads/TE-Scrypt Education-TestPlan.docx</arg>
<doc>Inputs the ``file_path`` into the file input field ``locator``.</doc>
<msg timestamp="20211015 17:31:31.962" level="INFO">Sending C:\Users\DELL\Downloads\TE-Scrypt Education-TestPlan.docx to browser.</msg>
<status status="PASS" starttime="20211015 17:31:31.962" endtime="20211015 17:31:31.997"/>
</kw>
<status status="PASS" starttime="20211015 17:31:31.931" endtime="20211015 17:31:31.997"/>
</kw>
<kw name="Input Message" library="Keyword_Contact_Us">
<arg>thu dang test</arg>
<kw name="Input Text" library="SeleniumLibrary">
<arg>id=message</arg>
<arg>${Content}</arg>
<doc>Types the given ``text`` into the text field identified by ``locator``.</doc>
<msg timestamp="20211015 17:31:31.998" level="INFO">Typing text 'thu dang test' into text field 'id=message'.</msg>
<status status="PASS" starttime="20211015 17:31:31.998" endtime="20211015 17:31:32.073"/>
</kw>
<status status="PASS" starttime="20211015 17:31:31.997" endtime="20211015 17:31:32.074"/>
</kw>
<kw name="Click Send Button" library="Keyword_Contact_Us">
<kw name="Click Element" library="SeleniumLibrary">
<arg>id=submitMessage</arg>
<doc>Click the element identified by ``locator``.</doc>
<msg timestamp="20211015 17:31:32.075" level="INFO">Clicking element 'id=submitMessage'.</msg>
<status status="PASS" starttime="20211015 17:31:32.074" endtime="20211015 17:31:33.970"/>
</kw>
<status status="PASS" starttime="20211015 17:31:32.074" endtime="20211015 17:31:33.970"/>
</kw>
<kw name="Verify Error for Subject Heading" library="Keyword_Contact_Us">
<kw name="Get Error" library="Keyword_Contact_Us">
<var>${Error}</var>
<kw name="Wait Until Page Contains Element" library="SeleniumLibrary">
<arg>xpath=//*[@id="center_column"]/div/ol/li</arg>
<doc>Waits until the element ``locator`` appears on the current page.</doc>
<status status="PASS" starttime="20211015 17:31:33.972" endtime="20211015 17:31:33.985"/>
</kw>
<kw name="Get Text" library="SeleniumLibrary">
<var>${Error}</var>
<arg>xpath=//*[@id="center_column"]/div/ol/li</arg>
<doc>Returns the text value of the element identified by ``locator``.</doc>
<msg timestamp="20211015 17:31:34.004" level="INFO">${Error} = Please select a subject from the list provided.</msg>
<status status="PASS" starttime="20211015 17:31:33.985" endtime="20211015 17:31:34.004"/>
</kw>
<msg timestamp="20211015 17:31:34.005" level="INFO">${Error} = Please select a subject from the list provided.</msg>
<status status="PASS" starttime="20211015 17:31:33.971" endtime="20211015 17:31:34.005"/>
</kw>
<kw name="Should Be Equal As Strings" library="BuiltIn">
<arg>${Error}</arg>
<arg>Please select a subject from the list provided.</arg>
<doc>Fails if objects are unequal after converting them to strings.</doc>
<status status="PASS" starttime="20211015 17:31:34.005" endtime="20211015 17:31:34.005"/>
</kw>
<status status="PASS" starttime="20211015 17:31:33.971" endtime="20211015 17:31:34.005"/>
</kw>
<kw name="User Close Browser" library="Common_Keyword" type="TEARDOWN">
<kw name="Close Browser" library="SeleniumLibrary">
<doc>Closes the current browser.</doc>
<status status="PASS" starttime="20211015 17:31:34.006" endtime="20211015 17:31:36.134"/>
</kw>
<status status="PASS" starttime="20211015 17:31:34.006" endtime="20211015 17:31:36.134"/>
</kw>
<status status="PASS" starttime="20211015 17:31:21.829" endtime="20211015 17:31:36.135"/>
</test>
<test id="s1-s2-t5" name="Verify Send Contact Unsuccessfully with Message is Blank">
<kw name="User Open Browser" library="Common_Keyword" type="SETUP">
<kw name="Open Browser" library="SeleniumLibrary">
<arg>${URL}</arg>
<arg>${BROWSER}</arg>
<doc>Opens a new browser instance to the optional ``url``.</doc>
<msg timestamp="20211015 17:31:36.138" level="INFO">Opening browser 'chrome' to base url 'http://automationpractice.com/index.php'.</msg>
<status status="PASS" starttime="20211015 17:31:36.138" endtime="20211015 17:31:43.931"/>
</kw>
<kw name="Maximize Browser Window" library="SeleniumLibrary">
<doc>Maximizes current browser window.</doc>
<status status="PASS" starttime="20211015 17:31:43.931" endtime="20211015 17:31:44.051"/>
</kw>
<status status="PASS" starttime="20211015 17:31:36.138" endtime="20211015 17:31:44.052"/>
</kw>
<kw name="Go to Contact Page" library="Keyword_Contact_Us">
<kw name="Click Element" library="SeleniumLibrary">
<arg>id=contact-link</arg>
<doc>Click the element identified by ``locator``.</doc>
<msg timestamp="20211015 17:31:44.053" level="INFO">Clicking element 'id=contact-link'.</msg>
<status status="PASS" starttime="20211015 17:31:44.053" endtime="20211015 17:31:45.645"/>
</kw>
<status status="PASS" starttime="20211015 17:31:44.052" endtime="20211015 17:31:45.645"/>
</kw>
<kw name="Input Email Contact" library="Keyword_Contact_Us">
<arg>${USER1}</arg>
<kw name="Input Text" library="SeleniumLibrary">
<arg>id=email</arg>
<arg>${Email}</arg>
<doc>Types the given ``text`` into the text field identified by ``locator``.</doc>
<msg timestamp="20211015 17:31:45.646" level="INFO">Typing text 'thu@mailinator.com' into text field 'id=email'.</msg>
<status status="PASS" starttime="20211015 17:31:45.646" endtime="20211015 17:31:45.747"/>
</kw>
<status status="PASS" starttime="20211015 17:31:45.645" endtime="20211015 17:31:45.747"/>
</kw>
<kw name="Choose Subject" library="Keyword_Contact_Us">
<arg>2</arg>
<kw name="Select From List By Value" library="SeleniumLibrary">
<arg>id=id_contact</arg>
<arg>${Value}</arg>
<doc>Selects options from selection list ``locator`` by ``values``.</doc>
<msg timestamp="20211015 17:31:45.749" level="INFO">Selecting options from selection list 'id=id_contact' by value 2.</msg>
<status status="PASS" starttime="20211015 17:31:45.748" endtime="20211015 17:31:45.836"/>
</kw>
<status status="PASS" starttime="20211015 17:31:45.748" endtime="20211015 17:31:45.836"/>
</kw>
<kw name="Upload file" library="Keyword_Contact_Us">
<kw name="Wait Until Element Is Enabled" library="SeleniumLibrary">
<arg>fileUpload</arg>
<doc>Waits until the element ``locator`` is enabled.</doc>
<status status="PASS" starttime="20211015 17:31:45.837" endtime="20211015 17:31:45.861"/>
</kw>
<kw name="Choose File" library="SeleniumLibrary">
<arg>fileUpload</arg>
<arg>C:/Users/DELL/Downloads/TE-Scrypt Education-TestPlan.docx</arg>
<doc>Inputs the ``file_path`` into the file input field ``locator``.</doc>
<msg timestamp="20211015 17:31:45.861" level="INFO">Sending C:\Users\DELL\Downloads\TE-Scrypt Education-TestPlan.docx to browser.</msg>
<status status="PASS" starttime="20211015 17:31:45.861" endtime="20211015 17:31:45.892"/>
</kw>
<status status="PASS" starttime="20211015 17:31:45.837" endtime="20211015 17:31:45.892"/>
</kw>
<kw name="Click Send Button" library="Keyword_Contact_Us">
<kw name="Click Element" library="SeleniumLibrary">
<arg>id=submitMessage</arg>
<doc>Click the element identified by ``locator``.</doc>
<msg timestamp="20211015 17:31:45.893" level="INFO">Clicking element 'id=submitMessage'.</msg>
<status status="PASS" starttime="20211015 17:31:45.893" endtime="20211015 17:31:48.292"/>
</kw>
<status status="PASS" starttime="20211015 17:31:45.893" endtime="20211015 17:31:48.293"/>
</kw>
<kw name="Verify Error for Message is Blank" library="Keyword_Contact_Us">
<kw name="Get Error" library="Keyword_Contact_Us">
<var>${Error}</var>
<kw name="Wait Until Page Contains Element" library="SeleniumLibrary">
<arg>xpath=//*[@id="center_column"]/div/ol/li</arg>
<doc>Waits until the element ``locator`` appears on the current page.</doc>
<status status="PASS" starttime="20211015 17:31:48.294" endtime="20211015 17:31:48.307"/>
</kw>
<kw name="Get Text" library="SeleniumLibrary">
<var>${Error}</var>
<arg>xpath=//*[@id="center_column"]/div/ol/li</arg>
<doc>Returns the text value of the element identified by ``locator``.</doc>
[...]
</kw>
<kw name="Input Address" library="Keyword_Register">
<arg>thu</arg>
<arg>ABC</arg>
<arg>123 abc</arg>
<arg>ho chi minh</arg>
<arg>2</arg>
<arg>00000</arg>
<arg>21</arg>
<arg>0389652449</arg>
<arg>abc</arg>
<status status="NOT RUN" starttime="20211015 17:34:41.787" endtime="20211015 17:34:41.787"/>
</kw>
<kw name="Click Register Button" library="Keyword_Register">
<status status="NOT RUN" starttime="20211015 17:34:41.788" endtime="20211015 17:34:41.788"/>
</kw>
<kw name="Verify Error Message Last Name" library="Keyword_Register">
<status status="NOT RUN" starttime="20211015 17:34:41.788" endtime="20211015 17:34:41.788"/>
</kw>
<kw name="User Close Browser" library="Common_Keyword" type="TEARDOWN">
<kw name="Close Browser" library="SeleniumLibrary">
<doc>Closes the current browser.</doc>
<status status="PASS" starttime="20211015 17:34:41.790" endtime="20211015 17:34:44.153"/>
</kw>
<status status="PASS" starttime="20211015 17:34:41.790" endtime="20211015 17:34:44.153"/>
</kw>
<status status="FAIL" starttime="20211015 17:34:26.487" endtime="20211015 17:34:44.154">Element 'id_gender' did not appear in 5 seconds.</status>
</test>
<test id="s1-s5-t6" name="Verify Register Unsuccessfully with Password is Blank">
<kw name="User Open Browser" library="Common_Keyword" type="SETUP">
<kw name="Open Browser" library="SeleniumLibrary">
<arg>${URL}</arg>
<arg>${BROWSER}</arg>
<doc>Opens a new browser instance to the optional ``url``.</doc>
<msg timestamp="20211015 17:34:44.157" level="INFO">Opening browser 'chrome' to base url 'http://automationpractice.com/index.php'.</msg>
<status status="PASS" starttime="20211015 17:34:44.157" endtime="20211015 17:34:51.794"/>
</kw>
<kw name="Maximize Browser Window" library="SeleniumLibrary">
<doc>Maximizes current browser window.</doc>
<status status="PASS" starttime="20211015 17:34:51.795" endtime="20211015 17:34:51.918"/>
</kw>
<status status="PASS" starttime="20211015 17:34:44.156" endtime="20211015 17:34:51.918"/>
</kw>
<kw name="Go to Register Page" library="Keyword_Register">
<arg>${USER3}</arg>
<kw name="Go to Login page" library="Keyword_Login">
<kw name="Click Element" library="SeleniumLibrary">
<arg>xpath=//*[@id="header"]/div[2]/div/div/nav/div[1]</arg>
<doc>Click the element identified by ``locator``.</doc>
<msg timestamp="20211015 17:34:51.920" level="INFO">Clicking element 'xpath=//*[@id="header"]/div[2]/div/div/nav/div[1]'.</msg>
<status status="PASS" starttime="20211015 17:34:51.919" endtime="20211015 17:34:54.365"/>
</kw>
<status status="PASS" starttime="20211015 17:34:51.919" endtime="20211015 17:34:54.365"/>
</kw>
<kw name="Input Email Register" library="Keyword_Register">
<arg>${Email}</arg>
<kw name="Input Text" library="SeleniumLibrary">
<arg>id=email_create</arg>
<arg>${Email}</arg>
<doc>Types the given ``text`` into the text field identified by ``locator``.</doc>
<msg timestamp="20211015 17:34:54.366" level="INFO">Typing text 'thuthuthu@mailinator.com' into text field 'id=email_create'.</msg>
<status status="PASS" starttime="20211015 17:34:54.366" endtime="20211015 17:34:54.462"/>
</kw>
<status status="PASS" starttime="20211015 17:34:54.365" endtime="20211015 17:34:54.463"/>
</kw>
<kw name="Click Create an account Button" library="Keyword_Register">
<kw name="Click Element" library="SeleniumLibrary">
<arg>id=SubmitCreate</arg>
<doc>Click the element identified by ``locator``.</doc>
<msg timestamp="20211015 17:34:54.463" level="INFO">Clicking element 'id=SubmitCreate'.</msg>
<status status="PASS" starttime="20211015 17:34:54.463" endtime="20211015 17:34:54.515"/>
</kw>
<status status="PASS" starttime="20211015 17:34:54.463" endtime="20211015 17:34:54.516"/>
</kw>
<status status="PASS" starttime="20211015 17:34:51.918" endtime="20211015 17:34:54.516"/>
</kw>
<kw name="Checkbox Gender" library="Keyword_Register">
<arg>1</arg>
<kw name="Wait Until Page Contains Element" library="SeleniumLibrary">
<arg>id_gender</arg>
<doc>Waits until the element ``locator`` appears on the current page.</doc>
<kw name="Capture Page Screenshot" library="SeleniumLibrary">
<doc>Takes a screenshot of the current page and embeds it into a log file.</doc>
<msg timestamp="20211015 17:34:59.840" level="INFO" html="true">&lt;/td&gt;&lt;/tr&gt;&lt;tr&gt;&lt;td colspan="3"&gt;&lt;a href="selenium-screenshot-3.png"&gt;&lt;img src="selenium-screenshot-3.png" width="800px"&gt;&lt;/a&gt;</msg>
<status status="PASS" starttime="20211015 17:34:59.695" endtime="20211015 17:34:59.840"/>
</kw>
<msg timestamp="20211015 17:34:59.841" level="FAIL">Element 'id_gender' did not appear in 5 seconds.</msg>
<status status="FAIL" starttime="20211015 17:34:54.517" endtime="20211015 17:34:59.841"/>
</kw>
<kw name="Select Radio Button" library="SeleniumLibrary">
<arg>id_gender</arg>
<arg>${Gender}</arg>
<doc>Sets the radio button group ``group_name`` to ``value``.</doc>
<status status="NOT RUN" starttime="20211015 17:34:59.841" endtime="20211015 17:34:59.841"/>
</kw>
<status status="FAIL" starttime="20211015 17:34:54.516" endtime="20211015 17:34:59.841"/>
</kw>
<kw name="Input FirstName Register" library="Keyword_Register">
<arg>thu</arg>
<status status="NOT RUN" starttime="20211015 17:34:59.842" endtime="20211015 17:34:59.842"/>
</kw>
<kw name="Input LastName Register" library="Keyword_Register">
<arg>nguyen</arg>
<status status="NOT RUN" starttime="20211015 17:34:59.842" endtime="20211015 17:34:59.842"/>
</kw>
<kw name="Dropdown Day Month Year" library="Keyword_Register">
<arg>31</arg>
<arg>3</arg>
<arg>1997</arg>
<status status="NOT RUN" starttime="20211015 17:34:59.843" endtime="20211015 17:34:59.843"/>
</kw>
<kw name="Select Checkbox" library="SeleniumLibrary">
<arg>newsletter</arg>
<doc>Selects the checkbox identified by ``locator``.</doc>
<status status="NOT RUN" starttime="20211015 17:34:59.843" endtime="20211015 17:34:59.843"/>
</kw>
<kw name="Input Address" library="Keyword_Register">
<arg>thu</arg>
<arg>ABC</arg>
<arg>123 abc</arg>
<arg>ho chi minh</arg>
<arg>2</arg>
<arg>00000</arg>
<arg>21</arg>
<arg>0389652449</arg>
<arg>abc</arg>
<status status="NOT RUN" starttime="20211015 17:34:59.844" endtime="20211015 17:34:59.844"/>
</kw>
<kw name="Click Register Button" library="Keyword_Register">
<status status="NOT RUN" starttime="20211015 17:34:59.844" endtime="20211015 17:34:59.844"/>
</kw>
<kw name="Verify Error Message Password" library="Keyword_Register">
<status status="NOT RUN" starttime="20211015 17:34:59.844" endtime="20211015 17:34:59.844"/>
</kw>
<kw name="User Close Browser" library="Common_Keyword" type="TEARDOWN">
<kw name="Close Browser" library="SeleniumLibrary">
<doc>Closes the current browser.</doc>
<status status="PASS" starttime="20211015 17:34:59.845" endtime="20211015 17:35:02.089"/>
</kw>
<status status="PASS" starttime="20211015 17:34:59.845" endtime="20211015 17:35:02.089"/>
</kw>
<status status="FAIL" starttime="20211015 17:34:44.156" endtime="20211015 17:35:02.089">Element 'id_gender' did not appear in 5 seconds.</status>
</test>
<test id="s1-s5-t7" name="Verify Register Unsuccessfully with Password is invalid">
<kw name="User Open Browser" library="Common_Keyword" type="SETUP">
<kw name="Open Browser" library="SeleniumLibrary">
<arg>${URL}</arg>
<arg>${BROWSER}</arg>
<doc>Opens a new browser instance to the optional ``url``.</doc>
<msg timestamp="20211015 17:35:02.092" level="INFO">Opening browser 'chrome' to base url 'http://automationpractice.com/index.php'.</msg>
<status status="PASS" starttime="20211015 17:35:02.092" endtime="20211015 17:35:10.249"/>
</kw>
<kw name="Maximize Browser Window" library="SeleniumLibrary">
<doc>Maximizes current browser window.</doc>
<status status="PASS" starttime="20211015 17:35:10.249" endtime="20211015 17:35:10.379"/>
</kw>
<status status="PASS" starttime="20211015 17:35:02.091" endtime="20211015 17:35:10.379"/>
</kw>
<kw name="Go to Register Page" library="Keyword_Register">
<arg>${USER3}</arg>
<kw name="Go to Login page" library="Keyword_Login">
<kw name="Click Element" library="SeleniumLibrary">
<arg>xpath=//*[@id="header"]/div[2]/div/div/nav/div[1]</arg>
<doc>Click the element identified by ``locator``.</doc>
<msg timestamp="20211015 17:35:10.394" level="INFO">Clicking element 'xpath=//*[@id="header"]/div[2]/div/div/nav/div[1]'.</msg>
<status status="PASS" starttime="20211015 17:35:10.394" endtime="20211015 17:35:13.130"/>
</kw>
<status status="PASS" starttime="20211015 17:35:10.381" endtime="20211015 17:35:13.130"/>
</kw>
<kw name="Input Email Register" library="Keyword_Register">
<arg>${Email}</arg>
<kw name="Input Text" library="SeleniumLibrary">
<arg>id=email_create</arg>
<arg>${Email}</arg>
<doc>Types the given ``text`` into the text field identified by ``locator``.</doc>
<msg timestamp="20211015 17:35:13.131" level="INFO">Typing text 'thuthuthu@mailinator.com' into text field 'id=email_create'.</msg>
<status status="PASS" starttime="20211015 17:35:13.131" endtime="20211015 17:35:13.230"/>
</kw>
<status status="PASS" starttime="20211015 17:35:13.131" endtime="20211015 17:35:13.230"/>
</kw>
<kw name="Click Create an account Button" library="Keyword_Register">
<kw name="Click Element" library="SeleniumLibrary">
<arg>id=SubmitCreate</arg>
<doc>Click the element identified by ``locator``.</doc>
<msg timestamp="20211015 17:35:13.231" level="INFO">Clicking element 'id=SubmitCreate'.</msg>
<status status="PASS" starttime="20211015 17:35:13.230" endtime="20211015 17:35:13.277"/>
</kw>
<status status="PASS" starttime="20211015 17:35:13.230" endtime="20211015 17:35:13.277"/>
</kw>
<status status="PASS" starttime="20211015 17:35:10.380" endtime="20211015 17:35:13.278"/>
</kw>
<kw name="Checkbox Gender" library="Keyword_Register">
<arg>1</arg>
<kw name="Wait Until Page Contains Element" library="SeleniumLibrary">
<arg>id_gender</arg>
<doc>Waits until the element ``locator`` appears on the current page.</doc>
<kw name="Capture Page Screenshot" library="SeleniumLibrary">
<doc>Takes a screenshot of the current page and embeds it into a log file.</doc>
<msg timestamp="20211015 17:35:18.631" level="INFO" html="true">&lt;/td&gt;&lt;/tr&gt;&lt;tr&gt;&lt;td colspan="3"&gt;&lt;a href="selenium-screenshot-4.png"&gt;&lt;img src="selenium-screenshot-4.png" width="800px"&gt;&lt;/a&gt;</msg>
<status status="PASS" starttime="20211015 17:35:18.480" endtime="20211015 17:35:18.631"/>
</kw>
<msg timestamp="20211015 17:35:18.632" level="FAIL">Element 'id_gender' did not appear in 5 seconds.</msg>
<status status="FAIL" starttime="20211015 17:35:13.279" endtime="20211015 17:35:18.632"/>
</kw>
<kw name="Select Radio Button" library="SeleniumLibrary">
<arg>id_gender</arg>
<arg>${Gender}</arg>
<doc>Sets the radio button group ``group_name`` to ``value``.</doc>
<status status="NOT RUN" starttime="20211015 17:35:18.632" endtime="20211015 17:35:18.632"/>
</kw>
<status status="FAIL" starttime="20211015 17:35:13.278" endtime="20211015 17:35:18.632"/>
</kw>
<kw name="Input FirstName Register" library="Keyword_Register">
<arg>thu</arg>
<status status="NOT RUN" starttime="20211015 17:35:18.633" endtime="20211015 17:35:18.633"/>
</kw>
<kw name="Input LastName Register" library="Keyword_Register">
<arg>nguyen</arg>
<status status="NOT RUN" starttime="20211015 17:35:18.633" endtime="20211015 17:35:18.633"/>
</kw>
<kw name="Input Password" library="Keyword_Login">
<arg>123</arg>
<status status="NOT RUN" starttime="20211015 17:35:18.634" endtime="20211015 17:35:18.634"/>
</kw>
<kw name="Dropdown Day Month Year" library="Keyword_Register">
<arg>31</arg>
<arg>3</arg>
<arg>1997</arg>
<status status="NOT RUN" starttime="20211015 17:35:18.634" endtime="20211015 17:35:18.634"/>
</kw>
<kw name="Select Checkbox" library="SeleniumLibrary">
<arg>newsletter</arg>
<doc>Selects the checkbox identified by ``locator``.</doc>
<status status="NOT RUN" starttime="20211015 17:35:18.635" endtime="20211015 17:35:18.635"/>
</kw>
<kw name="Input Address" library="Keyword_Register">
<arg>thu</arg>
<arg>ABC</arg>
<arg>123 abc</arg>
<arg>ho chi minh</arg>
<arg>2</arg>
<arg>00000</arg>
<arg>21</arg>
<arg>0389652449</arg>
<arg>abc</arg>
<status status="NOT RUN" starttime="20211015 17:35:18.635" endtime="20211015 17:35:18.635"/>
</kw>
<kw name="Click Register Button" library="Keyword_Register">
<status status="NOT RUN" starttime="20211015 17:35:18.636" endtime="20211015 17:35:18.636"/>
</kw>
<kw name="Verify Error Message Invalid Password" library="Keyword_Register">
<status status="NOT RUN" starttime="20211015 17:35:18.636" endtime="20211015 17:35:18.636"/>
</kw>
<kw name="User Close Browser" library="Common_Keyword" type="TEARDOWN">
<kw name="Close Browser" library="SeleniumLibrary">
<doc>Closes the current browser.</doc>
<status status="PASS" starttime="20211015 17:35:18.637" endtime="20211015 17:35:20.934"/>
</kw>
<status status="PASS" starttime="20211015 17:35:18.637" endtime="20211015 17:35:20.934"/>
</kw>
<status status="FAIL" starttime="20211015 17:35:02.091" endtime="20211015 17:35:20.935">Element 'id_gender' did not appear in 5 seconds.</status>
</test>
<test id="s1-s5-t8" name="Verify Register Successfully with Password is invalid">
<kw name="User Open Browser" library="Common_Keyword" type="SETUP">
<kw name="Open Browser" library="SeleniumLibrary">
<arg>${URL}</arg>
<arg>${BROWSER}</arg>
<doc>Opens a new browser instance to the optional ``url``.</doc>
<msg timestamp="20211015 17:35:20.939" level="INFO">Opening browser 'chrome' to base url 'http://automationpractice.com/index.php'.</msg>
<status status="PASS" starttime="20211015 17:35:20.939" endtime="20211015 17:35:29.006"/>
</kw>
<kw name="Maximize Browser Window" library="SeleniumLibrary">
<doc>Maximizes current browser window.</doc>
<status status="PASS" starttime="20211015 17:35:29.006" endtime="20211015 17:35:29.142"/>
</kw>
<status status="PASS" starttime="20211015 17:35:20.938" endtime="20211015 17:35:29.143"/>
</kw>
<kw name="Go to Register Page" library="Keyword_Register">
<arg>${USER3}</arg>
<kw name="Go to Login page" library="Keyword_Login">
<kw name="Click Element" library="SeleniumLibrary">
<arg>xpath=//*[@id="header"]/div[2]/div/div/nav/div[1]</arg>
<doc>Click the element identified by ``locator``.</doc>
<msg timestamp="20211015 17:35:29.151" level="INFO">Clicking element 'xpath=//*[@id="header"]/div[2]/div/div/nav/div[1]'.</msg>
<status status="PASS" starttime="20211015 17:35:29.150" endtime="20211015 17:35:32.288"/>
</kw>
<status status="PASS" starttime="20211015 17:35:29.149" endtime="20211015 17:35:32.288"/>
</kw>
<kw name="Input Email Register" library="Keyword_Register">
<arg>${Email}</arg>
<kw name="Input Text" library="SeleniumLibrary">
<arg>id=email_create</arg>
<arg>${Email}</arg>
<doc>Types the given ``text`` into the text field identified by ``locator``.</doc>
<msg timestamp="20211015 17:35:32.289" level="INFO">Typing text 'thuthuthu@mailinator.com' into text field 'id=email_create'.</msg>
<status status="PASS" starttime="20211015 17:35:32.289" endtime="20211015 17:35:32.389"/>
</kw>
<status status="PASS" starttime="20211015 17:35:32.288" endtime="20211015 17:35:32.389"/>
</kw>
<kw name="Click Create an account Button" library="Keyword_Register">
<kw name="Click Element" library="SeleniumLibrary">
<arg>id=SubmitCreate</arg>
<doc>Click the element identified by ``locator``.</doc>
<msg timestamp="20211015 17:35:32.390" level="INFO">Clicking element 'id=SubmitCreate'.</msg>
<status status="PASS" starttime="20211015 17:35:32.390" endtime="20211015 17:35:32.437"/>
</kw>
<status status="PASS" starttime="20211015 17:35:32.390" endtime="20211015 17:35:32.437"/>
</kw>
<status status="PASS" starttime="20211015 17:35:29.146" endtime="20211015 17:35:32.437"/>
</kw>
<kw name="Checkbox Gender" library="Keyword_Register">
<arg>1</arg>
<kw name="Wait Until Page Contains Element" library="SeleniumLibrary">
<arg>id_gender</arg>
<doc>Waits until the element ``locator`` appears on the current page.</doc>
<kw name="Capture Page Screenshot" library="SeleniumLibrary">
<doc>Takes a screenshot of the current page and embeds it into a log file.</doc>
<msg timestamp="20211015 17:35:37.589" level="INFO" html="true">&lt;/td&gt;&lt;/tr&gt;&lt;tr&gt;&lt;td colspan="3"&gt;&lt;a href="selenium-screenshot-5.png"&gt;&lt;img src="selenium-screenshot-5.png" width="800px"&gt;&lt;/a&gt;</msg>
<status status="PASS" starttime="20211015 17:35:37.448" endtime="20211015 17:35:37.590"/>
</kw>
<msg timestamp="20211015 17:35:37.590" level="FAIL">Element 'id_gender' did not appear in 5 seconds.</msg>
<status status="FAIL" starttime="20211015 17:35:32.438" endtime="20211015 17:35:37.590"/>
</kw>
<kw name="Select Radio Button" library="SeleniumLibrary">
<arg>id_gender</arg>
<arg>${Gender}</arg>
<doc>Sets the radio button group ``group_name`` to ``value``.</doc>
<status status="NOT RUN" starttime="20211015 17:35:37.590" endtime="20211015 17:35:37.590"/>
</kw>
<status status="FAIL" starttime="20211015 17:35:32.437" endtime="20211015 17:35:37.590"/>
</kw>
<kw name="Input FirstName Register" library="Keyword_Register">
<arg>thu</arg>
<status status="NOT RUN" starttime="20211015 17:35:37.591" endtime="20211015 17:35:37.591"/>
</kw>
<kw name="Input LastName Register" library="Keyword_Register">
<arg>nguyen</arg>
<status status="NOT RUN" starttime="20211015 17:35:37.591" endtime="20211015 17:35:37.591"/>
</kw>
<kw name="Input Password" library="Keyword_Login">
<arg>12345</arg>
<status status="NOT RUN" starttime="20211015 17:35:37.592" endtime="20211015 17:35:37.592"/>
</kw>
<kw name="Dropdown Day Month Year" library="Keyword_Register">
<arg>31</arg>
<arg>3</arg>
<arg>1997</arg>
<status status="NOT RUN" starttime="20211015 17:35:37.592" endtime="20211015 17:35:37.592"/>
</kw>
<kw name="Select Checkbox" library="SeleniumLibrary">
<arg>newsletter</arg>
<doc>Selects the checkbox identified by ``locator``.</doc>
<status status="NOT RUN" starttime="20211015 17:35:37.592" endtime="20211015 17:35:37.592"/>
</kw>
<kw name="Input Address" library="Keyword_Register">
<arg>thu</arg>
<arg>ABC</arg>
<arg>123 abc</arg>
<arg>ho chi minh</arg>
<arg>2</arg>
<arg>00000</arg>
<arg>21</arg>
<arg>0389652449</arg>
<arg>abc</arg>
<status status="NOT RUN" starttime="20211015 17:35:37.593" endtime="20211015 17:35:37.593"/>
</kw>
<kw name="Click Register Button" library="Keyword_Register">
<status status="NOT RUN" starttime="20211015 17:35:37.593" endtime="20211015 17:35:37.593"/>
</kw>
<kw name="Verify Register Successfully" library="Keyword_Register">
<status status="NOT RUN" starttime="20211015 17:35:37.593" endtime="20211015 17:35:37.594"/>
</kw>
<kw name="User Close Browser" library="Common_Keyword" type="TEARDOWN">
<kw name="Close Browser" library="SeleniumLibrary">
<doc>Closes the current browser.</doc>
<status status="PASS" starttime="20211015 17:35:37.594" endtime="20211015 17:35:39.742"/>
</kw>
<status status="PASS" starttime="20211015 17:35:37.594" endtime="20211015 17:35:39.742"/>
</kw>
<tag>Smoke</tag>
<status status="FAIL" starttime="20211015 17:35:20.937" endtime="20211015 17:35:39.743">Element 'id_gender' did not appear in 5 seconds.</status>
</test>
<status status="FAIL" starttime="20211015 17:33:19.004" endtime="20211015 17:35:39.746"/>
</suite>
<status status="FAIL" starttime="20211015 17:28:32.449" endtime="20211015 17:35:39.750"/>
</suite>
<statistics>
<total>
<stat pass="18" fail="6" skip="0">All Tests</stat>
</total>
<tag>
<stat pass="5" fail="1" skip="0">Smoke</stat>
</tag>
<suite>
<stat pass="18" fail="6" skip="0" id="s1" name="Test">Test</stat>
<stat pass="5" fail="0" skip="0" id="s1-s1" name="Buy Product">Test.Buy Product</stat>
<stat pass="5" fail="0" skip="0" id="s1-s2" name="Contact Us">Test.Contact Us</stat>
<stat pass="4" fail="0" skip="0" id="s1-s3" name="Forgot Password">Test.Forgot Password</stat>
<stat pass="1" fail="1" skip="0" id="s1-s4" name="Login">Test.Login</stat>
<stat pass="3" fail="5" skip="0" id="s1-s5" name="Register">Test.Register</stat>
</suite>
</statistics>
<errors>
</errors>
</robot>
